Mon Dec 03 14:16:00 EST 2018
MaxEnt version 3.3.3k
Reading file absence
readGrid: max memory 477626368, total allocated 257425408, free 241317192, used 16108216, increment 16108216
Reading samples from presence
Read samples: max memory 477626368, total allocated 257425408, free 229237584, used 28187824, increment 12079608
Adding samples to background in feature space
Command line used:  autorun -e /Users/lablap/lesson_mac/_episodes_rmd/output/maxent_outputs/absence -o /Users/lablap/lesson_mac/_episodes_rmd/output/maxent_outputs -s /Users/lablap/lesson_mac/_episodes_rmd/output/maxent_outputs/presence -z
Command line to repeat: java density.MaxEnt nowarnings noprefixes outputdirectory=/Users/lablap/lesson_mac/_episodes_rmd/output/maxent_outputs samplesfile=/Users/lablap/lesson_mac/_episodes_rmd/output/maxent_outputs/presence environmentallayers=/Users/lablap/lesson_mac/_episodes_rmd/output/maxent_outputs/absence autorun novisible
Species: species
Layers: bio1 bio10 bio11 bio12 bio13 bio14 bio15 bio16 bio17 bio18 bio19 bio2 bio3 bio4 bio5 bio6 bio7 bio8 bio9
Layertypes: Continuous Continuous Continuous Continuous Continuous Continuous Continuous Continuous Continuous Continuous Continuous Continuous Continuous Continuous Continuous Continuous Continuous Continuous Continuous
outputdirectory: /Users/lablap/lesson_mac/_episodes_rmd/output/maxent_outputs
samplesfile: /Users/lablap/lesson_mac/_episodes_rmd/output/maxent_outputs/presence
environmentallayers: /Users/lablap/lesson_mac/_episodes_rmd/output/maxent_outputs/absence
autorun: true
visible: false

getSamples: max memory 477626368, total allocated 257425408, free 225211056, used 32214352, increment 4026528
Making features
makeFeatures: max memory 477626368, total allocated 257425408, free 221173000, used 36252408, increment 4038056
species: 
Regularization values: linear/quadratic/product: 0.050, categorical: 0.250, threshold: 1.000, hinge: 0.500
300 samples
Density: max memory 477626368, total allocated 257425408, free 214457464, used 42967944, increment 6715536
linearPredictor: max memory 477626368, total allocated 257425408, free 214457464, used 42967944, increment 0
FeaturedSpace: max memory 477626368, total allocated 257425408, free 214457464, used 42967944, increment 0
Sequential: max memory 477626368, total allocated 257425408, free 214457464, used 42967944, increment 0
Initial loss: 7.257002707092073
Time since start: 2.872
500: time = 2.506000 loss = 6.785922
Resulting gain: 0.47108111233894867
Time since start: 4.208
Projecting...
Writing file /Users/lablap/lesson_mac/_episodes_rmd/output/maxent_outputs/species.csv
Ending
