Tue Dec 04 16:35:54 EST 2018
MaxEnt version 3.3.3k
Reading file absence
readGrid: max memory 477626368, total allocated 212336640, free 70864928, used 141471712, increment 9761136
Reading samples from presence
Read samples: max memory 477626368, total allocated 212336640, free 68307016, used 144029624, increment 2557912
Adding samples to background in feature space
Command line used:  autorun -e /Users/lablap/lesson_mac/_episodes_rmd/output/maxent_outputs2_complex/absence -o /Users/lablap/lesson_mac/_episodes_rmd/output/maxent_outputs2_complex -s /Users/lablap/lesson_mac/_episodes_rmd/output/maxent_outputs2_complex/presence -z noautofeature linear quadratic hinge noproduct nothreshold responsecurves jackknife outputformat=logistic outputfiletype=asc norandomseed removeduplicates beta_lqp=1.5 beta_hinge=0.5 writeplotdata extrapolate doclamp
Command line to repeat: java density.MaxEnt nowarnings noprefixes responsecurves jackknife outputdirectory=/Users/lablap/lesson_mac/_episodes_rmd/output/maxent_outputs2_complex samplesfile=/Users/lablap/lesson_mac/_episodes_rmd/output/maxent_outputs2_complex/presence environmentallayers=/Users/lablap/lesson_mac/_episodes_rmd/output/maxent_outputs2_complex/absence noproduct nothreshold autorun writeplotdata novisible noautofeature beta_lqp=1.5 beta_hinge=0.5
Species: species
Layers: bio1 bio11 bio4
Layertypes: Continuous Continuous Continuous
responsecurves: true
jackknife: true
outputdirectory: /Users/lablap/lesson_mac/_episodes_rmd/output/maxent_outputs2_complex
samplesfile: /Users/lablap/lesson_mac/_episodes_rmd/output/maxent_outputs2_complex/presence
environmentallayers: /Users/lablap/lesson_mac/_episodes_rmd/output/maxent_outputs2_complex/absence
product: false
threshold: false
autorun: true
writeplotdata: true
visible: false
autofeature: false
beta_lqp: 1.5
beta_hinge: 0.5

getSamples: max memory 477626368, total allocated 212336640, free 67027392, used 145309248, increment 1279624
Making features
makeFeatures: max memory 477626368, total allocated 212336640, free 67027392, used 145309248, increment 0
species: 
Regularization values: linear/quadratic/product: 1.500, categorical: 0.250, threshold: 1.000, hinge: 0.500
303 samples
Density: max memory 477626368, total allocated 212336640, free 66383016, used 145953624, increment 644376
linearPredictor: max memory 477626368, total allocated 212336640, free 66383016, used 145953624, increment 0
FeaturedSpace: max memory 477626368, total allocated 212336640, free 66383016, used 145953624, increment 0
Sequential: max memory 477626368, total allocated 212336640, free 66383016, used 145953624, increment 0
Initial loss: 7.257002707092073
340: time = 0.335000 loss = 6.992971
Resulting gain: 0.26403214642549333
Projecting...
Writing file /Users/lablap/lesson_mac/_episodes_rmd/output/maxent_outputs2_complex/species.csv
species response curves
Response curve: only bio1
Making features
makeFeatures: max memory 477626368, total allocated 218628096, free 71036592, used 147591504, increment 1637880
species bio1: 
Regularization values: linear/quadratic/product: 1.500, categorical: 0.250, threshold: 1.000, hinge: 0.500
303 samples
Density: max memory 477626368, total allocated 218628096, free 70260456, used 148367640, increment 776136
linearPredictor: max memory 477626368, total allocated 218628096, free 70260456, used 148367640, increment 0
FeaturedSpace: max memory 477626368, total allocated 218628096, free 70260456, used 148367640, increment 0
Sequential: max memory 477626368, total allocated 218628096, free 70260456, used 148367640, increment 0
Initial loss: 7.257002707092073
360: time = 0.117000 loss = 7.088974
Resulting gain: 0.16802902200140313
species response curves
Response curve: only bio11
Making features
makeFeatures: max memory 477626368, total allocated 218628096, free 84504192, used 134123904, increment -14243736
species bio11: 
Regularization values: linear/quadratic/product: 1.500, categorical: 0.250, threshold: 1.000, hinge: 0.500
303 samples
Density: max memory 477626368, total allocated 218628096, free 84504192, used 134123904, increment 0
linearPredictor: max memory 477626368, total allocated 218628096, free 84504192, used 134123904, increment 0
FeaturedSpace: max memory 477626368, total allocated 218628096, free 84504192, used 134123904, increment 0
Sequential: max memory 477626368, total allocated 218628096, free 84504192, used 134123904, increment 0
Initial loss: 7.257002707092073
320: time = 0.116000 loss = 7.140556
Resulting gain: 0.1164463355186891
species response curves
Response curve: only bio4
Making features
makeFeatures: max memory 477626368, total allocated 217579520, free 93500368, used 124079152, increment -10044752
species bio4: 
Regularization values: linear/quadratic/product: 1.500, categorical: 0.250, threshold: 1.000, hinge: 0.500
303 samples
Density: max memory 477626368, total allocated 217579520, free 93500368, used 124079152, increment 0
linearPredictor: max memory 477626368, total allocated 217579520, free 93500368, used 124079152, increment 0
FeaturedSpace: max memory 477626368, total allocated 217579520, free 93500368, used 124079152, increment 0
Sequential: max memory 477626368, total allocated 217579520, free 93500368, used 124079152, increment 0
Initial loss: 7.257002707092073
Time since start: 1.163
280: time = 0.219000 loss = 7.181652
Resulting gain: 0.07535064798049618
species response curves
Jackknife: leave bio1 out
Making features
makeFeatures: max memory 477626368, total allocated 216530944, free 84537616, used 131993328, increment 7914176
species bio1: 
Regularization values: linear/quadratic/product: 1.500, categorical: 0.250, threshold: 1.000, hinge: 0.500
303 samples
Density: max memory 477626368, total allocated 216530944, free 84537616, used 131993328, increment 0
linearPredictor: max memory 477626368, total allocated 216530944, free 84537616, used 131993328, increment 0
FeaturedSpace: max memory 477626368, total allocated 216530944, free 84537616, used 131993328, increment 0
Sequential: max memory 477626368, total allocated 216530944, free 84537616, used 131993328, increment 0
Initial loss: 7.257002707092073
400: time = 0.334000 loss = 7.014376
Jackknife: leave bio11 out
Making features
makeFeatures: max memory 477626368, total allocated 214433792, free 88702728, used 125731064, increment -6262264
species bio11: 
Regularization values: linear/quadratic/product: 1.500, categorical: 0.250, threshold: 1.000, hinge: 0.500
303 samples
Density: max memory 477626368, total allocated 214433792, free 88010736, used 126423056, increment 691992
linearPredictor: max memory 477626368, total allocated 214433792, free 88010736, used 126423056, increment 0
FeaturedSpace: max memory 477626368, total allocated 214433792, free 88010736, used 126423056, increment 0
Sequential: max memory 477626368, total allocated 214433792, free 88010736, used 126423056, increment 0
Initial loss: 7.257002707092073
340: time = 0.295000 loss = 6.997785
Jackknife: leave bio4 out
Making features
makeFeatures: max memory 477626368, total allocated 213385216, free 79099648, used 134285568, increment 7862512
species bio4: 
Regularization values: linear/quadratic/product: 1.500, categorical: 0.250, threshold: 1.000, hinge: 0.500
303 samples
Density: max memory 477626368, total allocated 213385216, free 78436352, used 134948864, increment 663296
linearPredictor: max memory 477626368, total allocated 213385216, free 78436352, used 134948864, increment 0
FeaturedSpace: max memory 477626368, total allocated 213385216, free 78436352, used 134948864, increment 0
Sequential: max memory 477626368, total allocated 213385216, free 78436352, used 134948864, increment 0
Initial loss: 7.257002707092073
440: time = 0.225000 loss = 7.039684
Jackknife: only bio1
Making features
makeFeatures: max memory 477626368, total allocated 212336640, free 85332168, used 127004472, increment -7944392
species bio1: 
Regularization values: linear/quadratic/product: 1.500, categorical: 0.250, threshold: 1.000, hinge: 0.500
303 samples
Density: max memory 477626368, total allocated 212336640, free 85332168, used 127004472, increment 0
linearPredictor: max memory 477626368, total allocated 212336640, free 85332168, used 127004472, increment 0
FeaturedSpace: max memory 477626368, total allocated 212336640, free 85332168, used 127004472, increment 0
Sequential: max memory 477626368, total allocated 212336640, free 85332168, used 127004472, increment 0
Initial loss: 7.257002707092073
Time since start: 2.213
360: time = 0.119000 loss = 7.088974
Res.gain: 0.16802902200140313
Jackknife: only bio11
Making features
makeFeatures: max memory 477626368, total allocated 212336640, free 65502832, used 146833808, increment 19829336
species bio11: 
Regularization values: linear/quadratic/product: 1.500, categorical: 0.250, threshold: 1.000, hinge: 0.500
303 samples
Density: max memory 477626368, total allocated 212336640, free 65502832, used 146833808, increment 0
linearPredictor: max memory 477626368, total allocated 212336640, free 64851928, used 147484712, increment 650904
FeaturedSpace: max memory 477626368, total allocated 212336640, free 64851928, used 147484712, increment 0
Sequential: max memory 477626368, total allocated 212336640, free 64851928, used 147484712, increment 0
Initial loss: 7.257002707092073
320: time = 0.135000 loss = 7.140556
Res.gain: 0.1164463355186891
Jackknife: only bio4
Making features
makeFeatures: max memory 477626368, total allocated 211812352, free 72509072, used 139303280, increment -8181432
species bio4: 
Regularization values: linear/quadratic/product: 1.500, categorical: 0.250, threshold: 1.000, hinge: 0.500
303 samples
Density: max memory 477626368, total allocated 211812352, free 71869576, used 139942776, increment 639496
linearPredictor: max memory 477626368, total allocated 211812352, free 71869576, used 139942776, increment 0
FeaturedSpace: max memory 477626368, total allocated 211812352, free 71869576, used 139942776, increment 0
Sequential: max memory 477626368, total allocated 211812352, free 71869576, used 139942776, increment 0
Initial loss: 7.257002707092073
280: time = 0.197000 loss = 7.181652
Res.gain: 0.07535064798049618
Ending
