Tue Dec 04 16:37:54 EST 2018
MaxEnt version 3.3.3k
Reading file absence
readGrid: max memory 477626368, total allocated 262668288, free 91971832, used 170696456, increment 3197832
Reading samples from presence
Read samples: max memory 477626368, total allocated 262668288, free 88774088, used 173894200, increment 3197744
Adding samples to background in feature space
Command line used:  autorun -e /Users/lablap/lesson_mac/_episodes_rmd/output/maxent_outputs5_big/absence -o /Users/lablap/lesson_mac/_episodes_rmd/output/maxent_outputs5_big -s /Users/lablap/lesson_mac/_episodes_rmd/output/maxent_outputs5_big/presence -z noautofeature linear quadratic nohinge noproduct nothreshold responsecurves jackknife outputformat=logistic outputfiletype=asc projectionlayers=/Users/lablap/lesson_mac/_episodes_rmd/data/bioclim norandomseed removeduplicates betamultiplier=1 writeplotdata extrapolate doclamp
Command line to repeat: java density.MaxEnt nowarnings noprefixes responsecurves jackknife outputdirectory=/Users/lablap/lesson_mac/_episodes_rmd/output/maxent_outputs5_big projectionlayers=/Users/lablap/lesson_mac/_episodes_rmd/data/bioclim samplesfile=/Users/lablap/lesson_mac/_episodes_rmd/output/maxent_outputs5_big/presence environmentallayers=/Users/lablap/lesson_mac/_episodes_rmd/output/maxent_outputs5_big/absence noproduct nothreshold nohinge autorun writeplotdata novisible noautofeature
Species: species
Layers: bio1 bio11
Layertypes: Continuous Continuous
responsecurves: true
jackknife: true
outputdirectory: /Users/lablap/lesson_mac/_episodes_rmd/output/maxent_outputs5_big
projectionlayers: /Users/lablap/lesson_mac/_episodes_rmd/data/bioclim
samplesfile: /Users/lablap/lesson_mac/_episodes_rmd/output/maxent_outputs5_big/presence
environmentallayers: /Users/lablap/lesson_mac/_episodes_rmd/output/maxent_outputs5_big/absence
product: false
threshold: false
hinge: false
autorun: true
writeplotdata: true
visible: false
autofeature: false

getSamples: max memory 477626368, total allocated 262668288, free 88774088, used 173894200, increment 0
Making features
makeFeatures: max memory 477626368, total allocated 262668288, free 88774088, used 173894200, increment 0
species: 
Regularization values: linear/quadratic/product: 0.050, categorical: 0.250, threshold: 1.000, hinge: 0.500
303 samples
Density: max memory 477626368, total allocated 262668288, free 88774088, used 173894200, increment 0
linearPredictor: max memory 477626368, total allocated 262668288, free 88774088, used 173894200, increment 0
FeaturedSpace: max memory 477626368, total allocated 262668288, free 88774088, used 173894200, increment 0
Sequential: max memory 477626368, total allocated 262668288, free 88774088, used 173894200, increment 0
Initial loss: 7.167809184316444
260: time = 0.038000 loss = 6.654644
Resulting gain: 0.5131652178718245
Projecting...
Writing file /Users/lablap/lesson_mac/_episodes_rmd/output/maxent_outputs5_big/species.csv
Projecting...
Writing file /Users/lablap/lesson_mac/_episodes_rmd/output/maxent_outputs5_big/species_bioclim.asc
Writing file /Users/lablap/lesson_mac/_episodes_rmd/output/maxent_outputs5_big/species_bioclim_clamping.asc
Time since start: 4.395
Writing /Users/lablap/lesson_mac/_episodes_rmd/output/maxent_outputs5_big/plots/species_bioclim.png
Writing /Users/lablap/lesson_mac/_episodes_rmd/output/maxent_outputs5_big/plots/species_bioclim_clamping.png
Time since start: 5.763
Writing file /Users/lablap/lesson_mac/_episodes_rmd/output/maxent_outputs5_big/species_bioclim_novel.asc
Writing file /Users/lablap/lesson_mac/_episodes_rmd/output/maxent_outputs5_big/species_bioclim_novel_limiting.asc
Time since start: 11.079
species response curves
Response curve: only bio1
Making features
makeFeatures: max memory 477626368, total allocated 271056896, free 176698096, used 94358800, increment -79535400
species bio1: 
Regularization values: linear/quadratic/product: 0.050, categorical: 0.250, threshold: 1.000, hinge: 0.500
303 samples
Density: max memory 477626368, total allocated 271056896, free 176698096, used 94358800, increment 0
linearPredictor: max memory 477626368, total allocated 271056896, free 176698096, used 94358800, increment 0
FeaturedSpace: max memory 477626368, total allocated 271056896, free 176698096, used 94358800, increment 0
Sequential: max memory 477626368, total allocated 271056896, free 176698096, used 94358800, increment 0
Initial loss: 7.167809184316444
140: time = 0.020000 loss = 6.655774
Resulting gain: 0.5120353639391881
species response curves
Response curve: only bio11
Making features
makeFeatures: max memory 477626368, total allocated 271056896, free 172328320, used 98728576, increment 4369776
species bio11: 
Regularization values: linear/quadratic/product: 0.050, categorical: 0.250, threshold: 1.000, hinge: 0.500
303 samples
Density: max memory 477626368, total allocated 271056896, free 172328320, used 98728576, increment 0
linearPredictor: max memory 477626368, total allocated 271056896, free 172328320, used 98728576, increment 0
FeaturedSpace: max memory 477626368, total allocated 271056896, free 172328320, used 98728576, increment 0
Sequential: max memory 477626368, total allocated 271056896, free 172328320, used 98728576, increment 0
Initial loss: 7.167809184316444
100: time = 0.023000 loss = 6.733975
Resulting gain: 0.4338342930475143
species response curves
Jackknife: leave bio1 out
Making features
makeFeatures: max memory 477626368, total allocated 271056896, free 164550904, used 106505992, increment 7777416
species bio1: 
Regularization values: linear/quadratic/product: 0.050, categorical: 0.250, threshold: 1.000, hinge: 0.500
303 samples
Density: max memory 477626368, total allocated 271056896, free 164550904, used 106505992, increment 0
linearPredictor: max memory 477626368, total allocated 271056896, free 164550904, used 106505992, increment 0
FeaturedSpace: max memory 477626368, total allocated 271056896, free 164550904, used 106505992, increment 0
Sequential: max memory 477626368, total allocated 271056896, free 164550904, used 106505992, increment 0
Initial loss: 7.167809184316444
100: time = 0.017000 loss = 6.733975
Jackknife: leave bio11 out
Making features
makeFeatures: max memory 477626368, total allocated 271056896, free 164550904, used 106505992, increment 0
species bio11: 
Regularization values: linear/quadratic/product: 0.050, categorical: 0.250, threshold: 1.000, hinge: 0.500
303 samples
Density: max memory 477626368, total allocated 271056896, free 164550904, used 106505992, increment 0
linearPredictor: max memory 477626368, total allocated 271056896, free 164550904, used 106505992, increment 0
FeaturedSpace: max memory 477626368, total allocated 271056896, free 164550904, used 106505992, increment 0
Sequential: max memory 477626368, total allocated 271056896, free 164550904, used 106505992, increment 0
Initial loss: 7.167809184316444
140: time = 0.019000 loss = 6.655774
Jackknife: only bio1
Making features
makeFeatures: max memory 477626368, total allocated 271056896, free 164550904, used 106505992, increment 0
species bio1: 
Regularization values: linear/quadratic/product: 0.050, categorical: 0.250, threshold: 1.000, hinge: 0.500
303 samples
Density: max memory 477626368, total allocated 271056896, free 164550904, used 106505992, increment 0
linearPredictor: max memory 477626368, total allocated 271056896, free 164550904, used 106505992, increment 0
FeaturedSpace: max memory 477626368, total allocated 271056896, free 164550904, used 106505992, increment 0
Sequential: max memory 477626368, total allocated 271056896, free 164550904, used 106505992, increment 0
Initial loss: 7.167809184316444
140: time = 0.020000 loss = 6.655774
Res.gain: 0.5120353639391881
Jackknife: only bio11
Making features
makeFeatures: max memory 477626368, total allocated 271056896, free 164550904, used 106505992, increment 0
species bio11: 
Regularization values: linear/quadratic/product: 0.050, categorical: 0.250, threshold: 1.000, hinge: 0.500
303 samples
Density: max memory 477626368, total allocated 271056896, free 164550904, used 106505992, increment 0
linearPredictor: max memory 477626368, total allocated 271056896, free 164550904, used 106505992, increment 0
FeaturedSpace: max memory 477626368, total allocated 271056896, free 164550904, used 106505992, increment 0
Sequential: max memory 477626368, total allocated 271056896, free 164550904, used 106505992, increment 0
Initial loss: 7.167809184316444
100: time = 0.018000 loss = 6.733975
Res.gain: 0.4338342930475143
Ending
