Tue Dec 04 16:36:13 EST 2018
MaxEnt version 3.3.3k
Reading file absence
readGrid: max memory 477626368, total allocated 220725248, free 186615384, used 34109864, increment 4658144
Reading samples from presence
Read samples: max memory 477626368, total allocated 220725248, free 184287768, used 36437480, increment 2327616
Adding samples to background in feature space
Command line used:  autorun -e /Users/lablap/lesson_mac/_episodes_rmd/output/maxent_outputs3_prj_default/absence -o /Users/lablap/lesson_mac/_episodes_rmd/output/maxent_outputs3_prj_default -s /Users/lablap/lesson_mac/_episodes_rmd/output/maxent_outputs3_prj_default/presence -z noautofeature linear quadratic nohinge noproduct nothreshold responsecurves jackknife outputformat=logistic outputfiletype=asc projectionlayers=/Users/lablap/lesson_mac/_episodes_rmd/data/bioclim norandomseed removeduplicates betamultiplier=10 writeplotdata extrapolate doclamp
Command line to repeat: java density.MaxEnt nowarnings noprefixes responsecurves jackknife outputdirectory=/Users/lablap/lesson_mac/_episodes_rmd/output/maxent_outputs3_prj_default projectionlayers=/Users/lablap/lesson_mac/_episodes_rmd/data/bioclim samplesfile=/Users/lablap/lesson_mac/_episodes_rmd/output/maxent_outputs3_prj_default/presence environmentallayers=/Users/lablap/lesson_mac/_episodes_rmd/output/maxent_outputs3_prj_default/absence betamultiplier=10.0 noproduct nothreshold nohinge autorun writeplotdata novisible noautofeature
Species: species
Layers: bio1 bio11 bio4
Layertypes: Continuous Continuous Continuous
responsecurves: true
jackknife: true
outputdirectory: /Users/lablap/lesson_mac/_episodes_rmd/output/maxent_outputs3_prj_default
projectionlayers: /Users/lablap/lesson_mac/_episodes_rmd/data/bioclim
samplesfile: /Users/lablap/lesson_mac/_episodes_rmd/output/maxent_outputs3_prj_default/presence
environmentallayers: /Users/lablap/lesson_mac/_episodes_rmd/output/maxent_outputs3_prj_default/absence
betamultiplier: 10.0
product: false
threshold: false
hinge: false
autorun: true
writeplotdata: true
visible: false
autofeature: false

getSamples: max memory 477626368, total allocated 220725248, free 184287768, used 36437480, increment 0
Making features
makeFeatures: max memory 477626368, total allocated 220725248, free 181960176, used 38765072, increment 2327592
species: 
Regularization values: linear/quadratic/product: 0.050, categorical: 0.250, threshold: 1.000, hinge: 0.500
303 samples
Density: max memory 477626368, total allocated 220725248, free 181960176, used 38765072, increment 0
linearPredictor: max memory 477626368, total allocated 220725248, free 181960176, used 38765072, increment 0
FeaturedSpace: max memory 477626368, total allocated 220725248, free 181960176, used 38765072, increment 0
Sequential: max memory 477626368, total allocated 220725248, free 181960176, used 38765072, increment 0
Initial loss: 7.257002707092073
140: time = 0.032000 loss = 7.101912
Resulting gain: 0.1550911736642604
Projecting...
Writing file /Users/lablap/lesson_mac/_episodes_rmd/output/maxent_outputs3_prj_default/species.csv
Projecting...
Writing file /Users/lablap/lesson_mac/_episodes_rmd/output/maxent_outputs3_prj_default/species_bioclim.asc
Writing file /Users/lablap/lesson_mac/_episodes_rmd/output/maxent_outputs3_prj_default/species_bioclim_clamping.asc
Time since start: 6.225
Writing /Users/lablap/lesson_mac/_episodes_rmd/output/maxent_outputs3_prj_default/plots/species_bioclim.png
Writing /Users/lablap/lesson_mac/_episodes_rmd/output/maxent_outputs3_prj_default/plots/species_bioclim_clamping.png
Time since start: 7.475
Writing file /Users/lablap/lesson_mac/_episodes_rmd/output/maxent_outputs3_prj_default/species_bioclim_novel.asc
Writing file /Users/lablap/lesson_mac/_episodes_rmd/output/maxent_outputs3_prj_default/species_bioclim_novel_limiting.asc
Time since start: 14.083
species response curves
Response curve: only bio1
Making features
makeFeatures: max memory 477626368, total allocated 262144000, free 232825392, used 29318608, increment -9446464
species bio1: 
Regularization values: linear/quadratic/product: 0.050, categorical: 0.250, threshold: 1.000, hinge: 0.500
303 samples
Density: max memory 477626368, total allocated 262144000, free 232825392, used 29318608, increment 0
linearPredictor: max memory 477626368, total allocated 262144000, free 232825392, used 29318608, increment 0
FeaturedSpace: max memory 477626368, total allocated 262144000, free 232825392, used 29318608, increment 0
Sequential: max memory 477626368, total allocated 262144000, free 232825392, used 29318608, increment 0
Initial loss: 7.257002707092073
120: time = 0.021000 loss = 7.215894
Resulting gain: 0.04110888596213069
species response curves
Response curve: only bio11
Making features
makeFeatures: max memory 477626368, total allocated 262144000, free 228665056, used 33478944, increment 4160336
species bio11: 
Regularization values: linear/quadratic/product: 0.050, categorical: 0.250, threshold: 1.000, hinge: 0.500
303 samples
Density: max memory 477626368, total allocated 262144000, free 228665056, used 33478944, increment 0
linearPredictor: max memory 477626368, total allocated 262144000, free 228665056, used 33478944, increment 0
FeaturedSpace: max memory 477626368, total allocated 262144000, free 228665056, used 33478944, increment 0
Sequential: max memory 477626368, total allocated 262144000, free 228665056, used 33478944, increment 0
Initial loss: 7.257002707092073
100: time = 0.017000 loss = 7.206875
Resulting gain: 0.050128189564086156
species response curves
Response curve: only bio4
Making features
makeFeatures: max memory 477626368, total allocated 262144000, free 224504720, used 37639280, increment 4160336
species bio4: 
Regularization values: linear/quadratic/product: 0.050, categorical: 0.250, threshold: 1.000, hinge: 0.500
303 samples
Density: max memory 477626368, total allocated 262144000, free 224504720, used 37639280, increment 0
linearPredictor: max memory 477626368, total allocated 262144000, free 224504720, used 37639280, increment 0
FeaturedSpace: max memory 477626368, total allocated 262144000, free 224504720, used 37639280, increment 0
Sequential: max memory 477626368, total allocated 262144000, free 224504720, used 37639280, increment 0
Initial loss: 7.257002707092073
100: time = 0.022000 loss = 7.234136
Resulting gain: 0.02286680641857597
species response curves
Jackknife: leave bio1 out
Making features
makeFeatures: max memory 477626368, total allocated 262144000, free 217144368, used 44999632, increment 7360352
species bio1: 
Regularization values: linear/quadratic/product: 0.050, categorical: 0.250, threshold: 1.000, hinge: 0.500
303 samples
Density: max memory 477626368, total allocated 262144000, free 217144368, used 44999632, increment 0
linearPredictor: max memory 477626368, total allocated 262144000, free 217144368, used 44999632, increment 0
FeaturedSpace: max memory 477626368, total allocated 262144000, free 217144368, used 44999632, increment 0
Sequential: max memory 477626368, total allocated 262144000, free 217144368, used 44999632, increment 0
Initial loss: 7.257002707092073
120: time = 0.024000 loss = 7.150342
Jackknife: leave bio11 out
Making features
makeFeatures: max memory 477626368, total allocated 262144000, free 217144368, used 44999632, increment 0
species bio11: 
Regularization values: linear/quadratic/product: 0.050, categorical: 0.250, threshold: 1.000, hinge: 0.500
303 samples
Density: max memory 477626368, total allocated 262144000, free 217144368, used 44999632, increment 0
linearPredictor: max memory 477626368, total allocated 262144000, free 217144368, used 44999632, increment 0
FeaturedSpace: max memory 477626368, total allocated 262144000, free 217144368, used 44999632, increment 0
Sequential: max memory 477626368, total allocated 262144000, free 217144368, used 44999632, increment 0
Initial loss: 7.257002707092073
140: time = 0.028000 loss = 7.145933
Jackknife: leave bio4 out
Making features
makeFeatures: max memory 477626368, total allocated 262144000, free 217144368, used 44999632, increment 0
species bio4: 
Regularization values: linear/quadratic/product: 0.050, categorical: 0.250, threshold: 1.000, hinge: 0.500
303 samples
Density: max memory 477626368, total allocated 262144000, free 217144368, used 44999632, increment 0
linearPredictor: max memory 477626368, total allocated 262144000, free 217144368, used 44999632, increment 0
FeaturedSpace: max memory 477626368, total allocated 262144000, free 217144368, used 44999632, increment 0
Sequential: max memory 477626368, total allocated 262144000, free 217144368, used 44999632, increment 0
Initial loss: 7.257002707092073
100: time = 0.026000 loss = 7.106256
Jackknife: only bio1
Making features
makeFeatures: max memory 477626368, total allocated 262144000, free 217144368, used 44999632, increment 0
species bio1: 
Regularization values: linear/quadratic/product: 0.050, categorical: 0.250, threshold: 1.000, hinge: 0.500
303 samples
Density: max memory 477626368, total allocated 262144000, free 217144368, used 44999632, increment 0
linearPredictor: max memory 477626368, total allocated 262144000, free 217144368, used 44999632, increment 0
FeaturedSpace: max memory 477626368, total allocated 262144000, free 217144368, used 44999632, increment 0
Sequential: max memory 477626368, total allocated 262144000, free 217144368, used 44999632, increment 0
Initial loss: 7.257002707092073
120: time = 0.028000 loss = 7.215894
Res.gain: 0.04110888596213069
Jackknife: only bio11
Making features
makeFeatures: max memory 477626368, total allocated 262144000, free 217144368, used 44999632, increment 0
species bio11: 
Regularization values: linear/quadratic/product: 0.050, categorical: 0.250, threshold: 1.000, hinge: 0.500
303 samples
Density: max memory 477626368, total allocated 262144000, free 217144368, used 44999632, increment 0
linearPredictor: max memory 477626368, total allocated 262144000, free 217144368, used 44999632, increment 0
FeaturedSpace: max memory 477626368, total allocated 262144000, free 217144368, used 44999632, increment 0
Sequential: max memory 477626368, total allocated 262144000, free 217144368, used 44999632, increment 0
Initial loss: 7.257002707092073
100: time = 0.022000 loss = 7.206875
Res.gain: 0.050128189564086156
Jackknife: only bio4
Making features
makeFeatures: max memory 477626368, total allocated 262144000, free 217144368, used 44999632, increment 0
species bio4: 
Regularization values: linear/quadratic/product: 0.050, categorical: 0.250, threshold: 1.000, hinge: 0.500
303 samples
Density: max memory 477626368, total allocated 262144000, free 217144368, used 44999632, increment 0
linearPredictor: max memory 477626368, total allocated 262144000, free 217144368, used 44999632, increment 0
FeaturedSpace: max memory 477626368, total allocated 262144000, free 217144368, used 44999632, increment 0
Sequential: max memory 477626368, total allocated 262144000, free 217144368, used 44999632, increment 0
Initial loss: 7.257002707092073
100: time = 0.025000 loss = 7.234136
Res.gain: 0.02286680641857597
Ending
