Mon Dec 03 10:47:28 EST 2018
MaxEnt version 3.3.3k
Reading file absence
readGrid: max memory 477626368, total allocated 149422080, free 105324760, used 44097320, increment -55524360
Reading samples from presence
Read samples: max memory 477626368, total allocated 149422080, free 51135544, used 98286536, increment 54189216
Adding samples to background in feature space
Command line used:  autorun -e /Users/lablap/lesson_mac/_episodes_rmd/output/experiment_big/absence -o /Users/lablap/lesson_mac/_episodes_rmd/output/experiment_big -s /Users/lablap/lesson_mac/_episodes_rmd/output/experiment_big/presence -z autofeature responsecurves jackknife outputformat=logistic outputfiletype=asc projectionlayers=/Users/lablap/lesson_mac/_episodes_rmd/data/big_extent norandomseed removeduplicates writeplotdata extrapolate doclamp
Command line to repeat: java density.MaxEnt nowarnings noprefixes responsecurves jackknife outputdirectory=/Users/lablap/lesson_mac/_episodes_rmd/output/experiment_big projectionlayers=/Users/lablap/lesson_mac/_episodes_rmd/data/big_extent samplesfile=/Users/lablap/lesson_mac/_episodes_rmd/output/experiment_big/presence environmentallayers=/Users/lablap/lesson_mac/_episodes_rmd/output/experiment_big/absence autorun writeplotdata novisible
Species: species
Layers: bio1 bio10 bio11 bio12 bio13 bio14 bio15 bio16 bio17 bio18 bio19 bio2 bio3 bio4 bio5 bio6 bio7 bio8 bio9
Layertypes: Continuous Continuous Continuous Continuous Continuous Continuous Continuous Continuous Continuous Continuous Continuous Continuous Continuous Continuous Continuous Continuous Continuous Continuous Continuous
responsecurves: true
jackknife: true
outputdirectory: /Users/lablap/lesson_mac/_episodes_rmd/output/experiment_big
projectionlayers: /Users/lablap/lesson_mac/_episodes_rmd/data/big_extent
samplesfile: /Users/lablap/lesson_mac/_episodes_rmd/output/experiment_big/presence
environmentallayers: /Users/lablap/lesson_mac/_episodes_rmd/output/experiment_big/absence
autorun: true
writeplotdata: true
visible: false

getSamples: max memory 477626368, total allocated 148373504, free 116588552, used 31784952, increment -66501584
Making features
makeFeatures: max memory 477626368, total allocated 148373504, free 99405264, used 48968240, increment 17183288
species: 
Regularization values: linear/quadratic/product: 0.050, categorical: 0.250, threshold: 1.000, hinge: 0.500
300 samples
Density: max memory 477626368, total allocated 148373504, free 73870944, used 74502560, increment 25534320
linearPredictor: max memory 477626368, total allocated 148373504, free 73870944, used 74502560, increment 0
FeaturedSpace: max memory 477626368, total allocated 148373504, free 73870944, used 74502560, increment 0
Sequential: max memory 477626368, total allocated 148373504, free 73870944, used 74502560, increment 0
Initial loss: 9.237760967552175
Time since start: 6.967
500: time = 6.484000 loss = 7.860091
Resulting gain: 1.3776696437107399
Projecting...
Writing file /Users/lablap/lesson_mac/_episodes_rmd/output/experiment_big/species.csv
Projecting...
Writing file /Users/lablap/lesson_mac/_episodes_rmd/output/experiment_big/species_big_extent.asc
Writing file /Users/lablap/lesson_mac/_episodes_rmd/output/experiment_big/species_big_extent_clamping.asc
Time since start: 8.223
Writing /Users/lablap/lesson_mac/_episodes_rmd/output/experiment_big/plots/species_big_extent.png
Writing /Users/lablap/lesson_mac/_episodes_rmd/output/experiment_big/plots/species_big_extent_clamping.png
Writing file /Users/lablap/lesson_mac/_episodes_rmd/output/experiment_big/species_big_extent_novel.asc
Writing file /Users/lablap/lesson_mac/_episodes_rmd/output/experiment_big/species_big_extent_novel_limiting.asc
Time since start: 9.38
species response curves
Time since start: 10.523
Response curve: only bio1
Making features
makeFeatures: max memory 477626368, total allocated 243269632, free 83240840, used 160028792, increment 85526232
species bio1: 
Regularization values: linear/quadratic/product: 0.050, categorical: 0.250, threshold: 1.000, hinge: 0.500
300 samples
Density: max memory 477626368, total allocated 243269632, free 81268928, used 162000704, increment 1971912
linearPredictor: max memory 477626368, total allocated 243269632, free 81268928, used 162000704, increment 0
FeaturedSpace: max memory 477626368, total allocated 243269632, free 81268928, used 162000704, increment 0
Sequential: max memory 477626368, total allocated 243269632, free 81268928, used 162000704, increment 0
Initial loss: 9.237760967552175
380: time = 0.518000 loss = 8.529160
Resulting gain: 0.7086009807240128
species response curves
Response curve: only bio10
Making features
makeFeatures: max memory 477626368, total allocated 262144000, free 152659448, used 109484552, increment -52516152
species bio10: 
Regularization values: linear/quadratic/product: 0.050, categorical: 0.250, threshold: 1.000, hinge: 0.500
300 samples
Density: max memory 477626368, total allocated 262144000, free 150366872, used 111777128, increment 2292576
linearPredictor: max memory 477626368, total allocated 262144000, free 150366872, used 111777128, increment 0
FeaturedSpace: max memory 477626368, total allocated 262144000, free 150366872, used 111777128, increment 0
Sequential: max memory 477626368, total allocated 262144000, free 150366872, used 111777128, increment 0
Initial loss: 9.237760967552175
260: time = 0.306000 loss = 8.660979
Resulting gain: 0.5767823370507195
species response curves
Response curve: only bio11
Making features
makeFeatures: max memory 477626368, total allocated 262144000, free 125147624, used 136996376, increment 25219248
species bio11: 
Regularization values: linear/quadratic/product: 0.050, categorical: 0.250, threshold: 1.000, hinge: 0.500
300 samples
Density: max memory 477626368, total allocated 262144000, free 122855048, used 139288952, increment 2292576
linearPredictor: max memory 477626368, total allocated 262144000, free 122855048, used 139288952, increment 0
FeaturedSpace: max memory 477626368, total allocated 262144000, free 122855048, used 139288952, increment 0
Sequential: max memory 477626368, total allocated 262144000, free 122855048, used 139288952, increment 0
Initial loss: 9.237760967552175
Time since start: 12.172
480: time = 0.666000 loss = 8.657143
Resulting gain: 0.5806180895775537
species response curves
Response curve: only bio12
Making features
makeFeatures: max memory 477626368, total allocated 262144000, free 159165624, used 102978376, increment -36310576
species bio12: 
Regularization values: linear/quadratic/product: 0.050, categorical: 0.250, threshold: 1.000, hinge: 0.500
300 samples
Density: max memory 477626368, total allocated 262144000, free 159165624, used 102978376, increment 0
linearPredictor: max memory 477626368, total allocated 262144000, free 159165624, used 102978376, increment 0
FeaturedSpace: max memory 477626368, total allocated 262144000, free 159165624, used 102978376, increment 0
Sequential: max memory 477626368, total allocated 262144000, free 159165624, used 102978376, increment 0
Initial loss: 9.237760967552175
160: time = 0.402000 loss = 9.020995
Resulting gain: 0.21676631930688472
species response curves
Response curve: only bio13
Making features
makeFeatures: max memory 477626368, total allocated 259522560, free 125565552, used 133957008, increment 30978632
species bio13: 
Regularization values: linear/quadratic/product: 0.050, categorical: 0.250, threshold: 1.000, hinge: 0.500
300 samples
Density: max memory 477626368, total allocated 259522560, free 125565552, used 133957008, increment 0
linearPredictor: max memory 477626368, total allocated 259522560, free 125565552, used 133957008, increment 0
FeaturedSpace: max memory 477626368, total allocated 259522560, free 125565552, used 133957008, increment 0
Sequential: max memory 477626368, total allocated 259522560, free 125565552, used 133957008, increment 0
Initial loss: 9.237760967552175
Time since start: 13.249
420: time = 0.522000 loss = 9.003021
Resulting gain: 0.2347403245952826
species response curves
Response curve: only bio14
Making features
makeFeatures: max memory 477626368, total allocated 255852544, free 154005848, used 101846696, increment -32110312
species bio14: 
Regularization values: linear/quadratic/product: 0.050, categorical: 0.250, threshold: 1.000, hinge: 0.500
300 samples
Density: max memory 477626368, total allocated 255852544, free 154005848, used 101846696, increment 0
linearPredictor: max memory 477626368, total allocated 255852544, free 154005848, used 101846696, increment 0
FeaturedSpace: max memory 477626368, total allocated 255852544, free 154005848, used 101846696, increment 0
Sequential: max memory 477626368, total allocated 255852544, free 154005848, used 101846696, increment 0
Initial loss: 9.237760967552175
160: time = 0.221000 loss = 9.187319
Resulting gain: 0.05044170705455642
species response curves
Response curve: only bio15
Making features
makeFeatures: max memory 477626368, total allocated 255852544, free 138723440, used 117129104, increment 15282408
species bio15: 
Regularization values: linear/quadratic/product: 0.050, categorical: 0.250, threshold: 1.000, hinge: 0.500
300 samples
Density: max memory 477626368, total allocated 255852544, free 136499552, used 119352992, increment 2223888
linearPredictor: max memory 477626368, total allocated 255852544, free 136499552, used 119352992, increment 0
FeaturedSpace: max memory 477626368, total allocated 255852544, free 136499552, used 119352992, increment 0
Sequential: max memory 477626368, total allocated 255852544, free 136499552, used 119352992, increment 0
Initial loss: 9.237760967552175
160: time = 0.181000 loss = 9.160728
Resulting gain: 0.07703330195558067
species response curves
Response curve: only bio16
Making features
makeFeatures: max memory 477626368, total allocated 255852544, free 125418408, used 130434136, increment 11081144
species bio16: 
Regularization values: linear/quadratic/product: 0.050, categorical: 0.250, threshold: 1.000, hinge: 0.500
300 samples
Density: max memory 477626368, total allocated 255852544, free 123194520, used 132658024, increment 2223888
linearPredictor: max memory 477626368, total allocated 255852544, free 123194520, used 132658024, increment 0
FeaturedSpace: max memory 477626368, total allocated 255852544, free 123194520, used 132658024, increment 0
Sequential: max memory 477626368, total allocated 255852544, free 123194520, used 132658024, increment 0
Initial loss: 9.237760967552175
Time since start: 14.38
280: time = 0.498000 loss = 9.084578
Resulting gain: 0.15318336403009702
species response curves
Response curve: only bio17
Making features
makeFeatures: max memory 477626368, total allocated 252706816, free 108993704, used 143713112, increment 11055088
species bio17: 
Regularization values: linear/quadratic/product: 0.050, categorical: 0.250, threshold: 1.000, hinge: 0.500
300 samples
Density: max memory 477626368, total allocated 252706816, free 106871168, used 145835648, increment 2122536
linearPredictor: max memory 477626368, total allocated 252706816, free 106871168, used 145835648, increment 0
FeaturedSpace: max memory 477626368, total allocated 252706816, free 106871168, used 145835648, increment 0
Sequential: max memory 477626368, total allocated 252706816, free 106871168, used 145835648, increment 0
Initial loss: 9.237760967552175
180: time = 0.249000 loss = 9.157295
Resulting gain: 0.08046639483676188
species response curves
Response curve: only bio18
Making features
makeFeatures: max memory 477626368, total allocated 252706816, free 68661488, used 184045328, increment 38209680
species bio18: 
Regularization values: linear/quadratic/product: 0.050, categorical: 0.250, threshold: 1.000, hinge: 0.500
300 samples
Density: max memory 477626368, total allocated 252706816, free 67204632, used 185502184, increment 1456856
linearPredictor: max memory 477626368, total allocated 249561088, free 170554904, used 79006184, increment -106496000
FeaturedSpace: max memory 477626368, total allocated 249561088, free 168503216, used 81057872, increment 2051688
Sequential: max memory 477626368, total allocated 249561088, free 168503216, used 81057872, increment 0
Initial loss: 9.237760967552175
300: time = 0.436000 loss = 9.106849
Resulting gain: 0.13091155211966488
species response curves
Response curve: only bio19
Making features
makeFeatures: max memory 477626368, total allocated 249561088, free 81362464, used 168198624, increment 87140752
species bio19: 
Regularization values: linear/quadratic/product: 0.050, categorical: 0.250, threshold: 1.000, hinge: 0.500
300 samples
Density: max memory 477626368, total allocated 249561088, free 81362464, used 168198624, increment 0
linearPredictor: max memory 477626368, total allocated 249561088, free 81362464, used 168198624, increment 0
FeaturedSpace: max memory 477626368, total allocated 249561088, free 81362464, used 168198624, increment 0
Sequential: max memory 477626368, total allocated 249561088, free 81362464, used 168198624, increment 0
Initial loss: 9.237760967552175
Time since start: 15.498
120: time = 0.212000 loss = 9.197181
Resulting gain: 0.04057998674980112
species response curves
Response curve: only bio2
Making features
makeFeatures: max memory 477626368, total allocated 246939648, free 132856008, used 114083640, increment -54114984
species bio2: 
Regularization values: linear/quadratic/product: 0.050, categorical: 0.250, threshold: 1.000, hinge: 0.500
300 samples
Density: max memory 477626368, total allocated 246939648, free 132856008, used 114083640, increment 0
linearPredictor: max memory 477626368, total allocated 246939648, free 132856008, used 114083640, increment 0
FeaturedSpace: max memory 477626368, total allocated 246939648, free 132856008, used 114083640, increment 0
Sequential: max memory 477626368, total allocated 246939648, free 132856008, used 114083640, increment 0
Initial loss: 9.237760967552175
340: time = 0.397000 loss = 9.109106
Resulting gain: 0.12865517649696656
species response curves
Response curve: only bio3
Making features
makeFeatures: max memory 477626368, total allocated 246939648, free 111846344, used 135093304, increment 21009664
species bio3: 
Regularization values: linear/quadratic/product: 0.050, categorical: 0.250, threshold: 1.000, hinge: 0.500
300 samples
Density: max memory 477626368, total allocated 246939648, free 111764104, used 135175544, increment 82240
linearPredictor: max memory 477626368, total allocated 246939648, free 111681864, used 135257784, increment 82240
FeaturedSpace: max memory 477626368, total allocated 246939648, free 111681864, used 135257784, increment 0
Sequential: max memory 477626368, total allocated 246939648, free 111681864, used 135257784, increment 0
Initial loss: 9.237760967552175
360: time = 0.401000 loss = 8.762955
Resulting gain: 0.4748060839908188
species response curves
Time since start: 16.511
Response curve: only bio4
Making features
makeFeatures: max memory 477626368, total allocated 246939648, free 97648144, used 149291504, increment 14033720
species bio4: 
Regularization values: linear/quadratic/product: 0.050, categorical: 0.250, threshold: 1.000, hinge: 0.500
300 samples
Density: max memory 477626368, total allocated 246939648, free 95602624, used 151337024, increment 2045520
linearPredictor: max memory 477626368, total allocated 246939648, free 95602624, used 151337024, increment 0
FeaturedSpace: max memory 477626368, total allocated 246939648, free 95602624, used 151337024, increment 0
Sequential: max memory 477626368, total allocated 246939648, free 95602624, used 151337024, increment 0
Initial loss: 9.237760967552175
Time since start: 18.654
460: time = 2.127000 loss = 8.798058
Resulting gain: 0.4397029013110494
species response curves
Response curve: only bio5
Making features
makeFeatures: max memory 477626368, total allocated 222822400, free 129437112, used 93385288, increment -57951736
species bio5: 
Regularization values: linear/quadratic/product: 0.050, categorical: 0.250, threshold: 1.000, hinge: 0.500
300 samples
Density: max memory 477626368, total allocated 222822400, free 127916800, used 94905600, increment 1520312
linearPredictor: max memory 477626368, total allocated 222822400, free 127916800, used 94905600, increment 0
FeaturedSpace: max memory 477626368, total allocated 222822400, free 127916800, used 94905600, increment 0
Sequential: max memory 477626368, total allocated 222822400, free 127916800, used 94905600, increment 0
Initial loss: 9.237760967552175
380: time = 0.435000 loss = 8.704030
Resulting gain: 0.5337306429366784
species response curves
Response curve: only bio6
Making features
makeFeatures: max memory 477626368, total allocated 222822400, free 88384088, used 134438312, increment 39532712
species bio6: 
Regularization values: linear/quadratic/product: 0.050, categorical: 0.250, threshold: 1.000, hinge: 0.500
300 samples
Density: max memory 477626368, total allocated 222822400, free 86863776, used 135958624, increment 1520312
linearPredictor: max memory 477626368, total allocated 222822400, free 86863776, used 135958624, increment 0
FeaturedSpace: max memory 477626368, total allocated 222822400, free 86863776, used 135958624, increment 0
Sequential: max memory 477626368, total allocated 222822400, free 86863776, used 135958624, increment 0
Initial loss: 9.237760967552175
300: time = 0.402000 loss = 8.768676
Resulting gain: 0.469084484931928
species response curves
Time since start: 19.685
Response curve: only bio7
Making features
makeFeatures: max memory 477626368, total allocated 220725248, free 106372520, used 114352728, increment -21605896
species bio7: 
Regularization values: linear/quadratic/product: 0.050, categorical: 0.250, threshold: 1.000, hinge: 0.500
300 samples
Density: max memory 477626368, total allocated 220725248, free 104883664, used 115841584, increment 1488856
linearPredictor: max memory 477626368, total allocated 220725248, free 104883664, used 115841584, increment 0
FeaturedSpace: max memory 477626368, total allocated 220725248, free 104883664, used 115841584, increment 0
Sequential: max memory 477626368, total allocated 220725248, free 104883664, used 115841584, increment 0
Initial loss: 9.237760967552175
180: time = 0.235000 loss = 8.945662
Resulting gain: 0.29209880327631765
species response curves
Response curve: only bio8
Making features
makeFeatures: max memory 477626368, total allocated 220725248, free 77117904, used 143607344, increment 27765760
species bio8: 
Regularization values: linear/quadratic/product: 0.050, categorical: 0.250, threshold: 1.000, hinge: 0.500
300 samples
Density: max memory 477626368, total allocated 220725248, free 75629048, used 145096200, increment 1488856
linearPredictor: max memory 477626368, total allocated 220725248, free 75629048, used 145096200, increment 0
FeaturedSpace: max memory 477626368, total allocated 220725248, free 75629048, used 145096200, increment 0
Sequential: max memory 477626368, total allocated 220725248, free 75629048, used 145096200, increment 0
Initial loss: 9.237760967552175
400: time = 0.496000 loss = 8.858780
Resulting gain: 0.3789814538780032
species response curves
Response curve: only bio9
Making features
makeFeatures: max memory 477626368, total allocated 219152384, free 98262528, used 120889856, increment -24206344
species bio9: 
Regularization values: linear/quadratic/product: 0.050, categorical: 0.250, threshold: 1.000, hinge: 0.500
300 samples
Density: max memory 477626368, total allocated 219152384, free 96762808, used 122389576, increment 1499720
linearPredictor: max memory 477626368, total allocated 219152384, free 96762808, used 122389576, increment 0
FeaturedSpace: max memory 477626368, total allocated 219152384, free 96762808, used 122389576, increment 0
Sequential: max memory 477626368, total allocated 219152384, free 96762808, used 122389576, increment 0
Initial loss: 9.237760967552175
Time since start: 20.959
260: time = 0.386000 loss = 8.908647
Resulting gain: 0.3291140677401465
species response curves
Time since start: 22.617
Jackknife: leave bio1 out
Making features
makeFeatures: max memory 477626368, total allocated 213909504, free 102993584, used 110915920, increment -11473656
species bio1: 
Regularization values: linear/quadratic/product: 0.050, categorical: 0.250, threshold: 1.000, hinge: 0.500
300 samples
Density: max memory 477626368, total allocated 213909504, free 78429152, used 135480352, increment 24564432
linearPredictor: max memory 477626368, total allocated 213909504, free 78429152, used 135480352, increment 0
FeaturedSpace: max memory 477626368, total allocated 213909504, free 78429152, used 135480352, increment 0
Sequential: max memory 477626368, total allocated 213909504, free 78429152, used 135480352, increment 0
Initial loss: 9.237760967552175
Time since start: 29.258
500: time = 6.308000 loss = 7.873376
Jackknife: leave bio10 out
Making features
makeFeatures: max memory 477626368, total allocated 198705152, free 75325400, used 123379752, increment -12100600
species bio10: 
Regularization values: linear/quadratic/product: 0.050, categorical: 0.250, threshold: 1.000, hinge: 0.500
300 samples
Density: max memory 477626368, total allocated 198705152, free 51474240, used 147230912, increment 23851160
linearPredictor: max memory 477626368, total allocated 198705152, free 51474240, used 147230912, increment 0
FeaturedSpace: max memory 477626368, total allocated 198705152, free 51474240, used 147230912, increment 0
Sequential: max memory 477626368, total allocated 198705152, free 51474240, used 147230912, increment 0
Initial loss: 9.237760967552175
Time since start: 35.892
500: time = 6.269000 loss = 7.874294
Jackknife: leave bio11 out
Making features
makeFeatures: max memory 477626368, total allocated 186122240, free 23042000, used 163080240, increment 15849328
species bio11: 
Regularization values: linear/quadratic/product: 0.050, categorical: 0.250, threshold: 1.000, hinge: 0.500
300 samples
Density: max memory 477626368, total allocated 176160768, free 107993400, used 68167368, increment -94912872
linearPredictor: max memory 477626368, total allocated 176160768, free 107993400, used 68167368, increment 0
FeaturedSpace: max memory 477626368, total allocated 176160768, free 107993400, used 68167368, increment 0
Sequential: max memory 477626368, total allocated 176160768, free 107993400, used 68167368, increment 0
Initial loss: 9.237760967552175
Time since start: 42.541
500: time = 6.264000 loss = 7.863108
Jackknife: leave bio12 out
Making features
makeFeatures: max memory 477626368, total allocated 193462272, free 118166776, used 75295496, increment 7128128
species bio12: 
Regularization values: linear/quadratic/product: 0.050, categorical: 0.250, threshold: 1.000, hinge: 0.500
300 samples
Density: max memory 477626368, total allocated 193462272, free 94213536, used 99248736, increment 23953240
linearPredictor: max memory 477626368, total allocated 193462272, free 94213536, used 99248736, increment 0
FeaturedSpace: max memory 477626368, total allocated 193462272, free 94213536, used 99248736, increment 0
Sequential: max memory 477626368, total allocated 193462272, free 94213536, used 99248736, increment 0
Initial loss: 9.237760967552175
Time since start: 48.683
500: time = 5.676000 loss = 7.871179
Jackknife: leave bio13 out
Making features
makeFeatures: max memory 477626368, total allocated 191365120, free 90859400, used 100505720, increment 1256984
species bio13: 
Regularization values: linear/quadratic/product: 0.050, categorical: 0.250, threshold: 1.000, hinge: 0.500
300 samples
Density: max memory 477626368, total allocated 191365120, free 66299656, used 125065464, increment 24559744
linearPredictor: max memory 477626368, total allocated 191365120, free 66299656, used 125065464, increment 0
FeaturedSpace: max memory 477626368, total allocated 191365120, free 66299656, used 125065464, increment 0
Sequential: max memory 477626368, total allocated 191365120, free 66299656, used 125065464, increment 0
Initial loss: 9.237760967552175
Time since start: 55.356
500: time = 6.304000 loss = 7.857057
Jackknife: leave bio14 out
Making features
makeFeatures: max memory 477626368, total allocated 173539328, free 34898592, used 138640736, increment 13575272
species bio14: 
Regularization values: linear/quadratic/product: 0.050, categorical: 0.250, threshold: 1.000, hinge: 0.500
300 samples
Density: max memory 477626368, total allocated 186122240, free 120222728, used 65899512, increment -72741224
linearPredictor: max memory 477626368, total allocated 186122240, free 120222728, used 65899512, increment 0
FeaturedSpace: max memory 477626368, total allocated 186122240, free 120222728, used 65899512, increment 0
Sequential: max memory 477626368, total allocated 186122240, free 120222728, used 65899512, increment 0
Initial loss: 9.237760967552175
Time since start: 62.072
500: time = 6.340000 loss = 7.857525
Jackknife: leave bio15 out
Making features
makeFeatures: max memory 477626368, total allocated 182976512, free 76553480, used 106423032, increment 40523520
species bio15: 
Regularization values: linear/quadratic/product: 0.050, categorical: 0.250, threshold: 1.000, hinge: 0.500
300 samples
Density: max memory 477626368, total allocated 182452224, free 83071912, used 99380312, increment -7042720
linearPredictor: max memory 477626368, total allocated 182452224, free 83071912, used 99380312, increment 0
FeaturedSpace: max memory 477626368, total allocated 182452224, free 83071912, used 99380312, increment 0
Sequential: max memory 477626368, total allocated 182452224, free 83071912, used 99380312, increment 0
Initial loss: 9.237760967552175
Time since start: 68.694
500: time = 6.260000 loss = 7.917872
Jackknife: leave bio16 out
Making features
makeFeatures: max memory 477626368, total allocated 178257920, free 66595248, used 111662672, increment 12282360
species bio16: 
Regularization values: linear/quadratic/product: 0.050, categorical: 0.250, threshold: 1.000, hinge: 0.500
300 samples
Density: max memory 477626368, total allocated 177209344, free 62276264, used 114933080, increment 3270408
linearPredictor: max memory 477626368, total allocated 177209344, free 62276264, used 114933080, increment 0
FeaturedSpace: max memory 477626368, total allocated 177209344, free 62276264, used 114933080, increment 0
Sequential: max memory 477626368, total allocated 177209344, free 62276264, used 114933080, increment 0
Initial loss: 9.237760967552175
Time since start: 74.952
500: time = 5.905000 loss = 7.856751
Jackknife: leave bio17 out
Making features
makeFeatures: max memory 477626368, total allocated 185597952, free 31552200, used 154045752, increment 39112672
species bio17: 
Regularization values: linear/quadratic/product: 0.050, categorical: 0.250, threshold: 1.000, hinge: 0.500
300 samples
Density: max memory 477626368, total allocated 182976512, free 36882168, used 146094344, increment -7951408
linearPredictor: max memory 477626368, total allocated 182976512, free 36882168, used 146094344, increment 0
FeaturedSpace: max memory 477626368, total allocated 182976512, free 36882168, used 146094344, increment 0
Sequential: max memory 477626368, total allocated 182976512, free 36882168, used 146094344, increment 0
Initial loss: 9.237760967552175
Time since start: 81.519
500: time = 6.201000 loss = 7.861328
Jackknife: leave bio18 out
Making features
makeFeatures: max memory 477626368, total allocated 187170816, free 112256856, used 74913960, increment -71180384
species bio18: 
Regularization values: linear/quadratic/product: 0.050, categorical: 0.250, threshold: 1.000, hinge: 0.500
300 samples
Density: max memory 477626368, total allocated 187170816, free 88136344, used 99034472, increment 24120512
linearPredictor: max memory 477626368, total allocated 187170816, free 88136344, used 99034472, increment 0
FeaturedSpace: max memory 477626368, total allocated 187170816, free 88136344, used 99034472, increment 0
Sequential: max memory 477626368, total allocated 187170816, free 88136344, used 99034472, increment 0
Initial loss: 9.237760967552175
Time since start: 87.794
500: time = 5.910000 loss = 7.869900
Jackknife: leave bio19 out
Making features
makeFeatures: max memory 477626368, total allocated 178257920, free 70301640, used 107956280, increment 8921808
species bio19: 
Regularization values: linear/quadratic/product: 0.050, categorical: 0.250, threshold: 1.000, hinge: 0.500
300 samples
Density: max memory 477626368, total allocated 185597952, free 68993480, used 116604472, increment 8648192
linearPredictor: max memory 477626368, total allocated 185597952, free 68993480, used 116604472, increment 0
FeaturedSpace: max memory 477626368, total allocated 185597952, free 68993480, used 116604472, increment 0
Sequential: max memory 477626368, total allocated 185597952, free 68993480, used 116604472, increment 0
Initial loss: 9.237760967552175
Time since start: 94.15
500: time = 6.007000 loss = 7.860138
Jackknife: leave bio2 out
Making features
makeFeatures: max memory 477626368, total allocated 191365120, free 35872800, used 155492320, increment 38887848
species bio2: 
Regularization values: linear/quadratic/product: 0.050, categorical: 0.250, threshold: 1.000, hinge: 0.500
300 samples
Density: max memory 477626368, total allocated 193986560, free 46208352, used 147778208, increment -7714112
linearPredictor: max memory 477626368, total allocated 193986560, free 46208352, used 147778208, increment 0
FeaturedSpace: max memory 477626368, total allocated 193986560, free 46208352, used 147778208, increment 0
Sequential: max memory 477626368, total allocated 193986560, free 46208352, used 147778208, increment 0
Initial loss: 9.237760967552175
Time since start: 100.76
500: time = 6.247000 loss = 7.864189
Jackknife: leave bio3 out
Making features
makeFeatures: max memory 477626368, total allocated 186122240, free 105410680, used 80711560, increment -67066648
species bio3: 
Regularization values: linear/quadratic/product: 0.050, categorical: 0.250, threshold: 1.000, hinge: 0.500
300 samples
Density: max memory 477626368, total allocated 185597952, free 99185024, used 86412928, increment 5701368
linearPredictor: max memory 477626368, total allocated 185597952, free 99185024, used 86412928, increment 0
FeaturedSpace: max memory 477626368, total allocated 185597952, free 99185024, used 86412928, increment 0
Sequential: max memory 477626368, total allocated 185597952, free 99185024, used 86412928, increment 0
Initial loss: 9.237760967552175
Time since start: 107.206
500: time = 6.107000 loss = 7.862968
Jackknife: leave bio4 out
Making features
makeFeatures: max memory 477626368, total allocated 187170816, free 69106960, used 118063856, increment 31650928
species bio4: 
Regularization values: linear/quadratic/product: 0.050, categorical: 0.250, threshold: 1.000, hinge: 0.500
300 samples
Density: max memory 477626368, total allocated 185073664, free 67729856, used 117343808, increment -720048
linearPredictor: max memory 477626368, total allocated 185073664, free 67729856, used 117343808, increment 0
FeaturedSpace: max memory 477626368, total allocated 185073664, free 67729856, used 117343808, increment 0
Sequential: max memory 477626368, total allocated 185073664, free 67729856, used 117343808, increment 0
Initial loss: 9.237760967552175
Time since start: 112.059
500: time = 4.511000 loss = 7.869458
Jackknife: leave bio5 out
Making features
makeFeatures: max memory 477626368, total allocated 181403648, free 56133640, used 125270008, increment 7926200
species bio5: 
Regularization values: linear/quadratic/product: 0.050, categorical: 0.250, threshold: 1.000, hinge: 0.500
300 samples
Density: max memory 477626368, total allocated 181403648, free 32445320, used 148958328, increment 23688320
linearPredictor: max memory 477626368, total allocated 181403648, free 32363080, used 149040568, increment 82240
FeaturedSpace: max memory 477626368, total allocated 181403648, free 32363080, used 149040568, increment 0
Sequential: max memory 477626368, total allocated 181403648, free 32363080, used 149040568, increment 0
Initial loss: 9.237760967552175
Time since start: 118.678
500: time = 6.248000 loss = 7.869578
Jackknife: leave bio6 out
Making features
makeFeatures: max memory 477626368, total allocated 185073664, free 110105664, used 74968000, increment -74072568
species bio6: 
Regularization values: linear/quadratic/product: 0.050, categorical: 0.250, threshold: 1.000, hinge: 0.500
300 samples
Density: max memory 477626368, total allocated 185073664, free 85723224, used 99350440, increment 24382440
linearPredictor: max memory 477626368, total allocated 185073664, free 85723224, used 99350440, increment 0
FeaturedSpace: max memory 477626368, total allocated 185073664, free 85723224, used 99350440, increment 0
Sequential: max memory 477626368, total allocated 185073664, free 85723224, used 99350440, increment 0
Initial loss: 9.237760967552175
Time since start: 125.178
500: time = 6.165000 loss = 7.862228
Jackknife: leave bio7 out
Making features
makeFeatures: max memory 477626368, total allocated 188219392, free 87924896, used 100294496, increment 944056
species bio7: 
Regularization values: linear/quadratic/product: 0.050, categorical: 0.250, threshold: 1.000, hinge: 0.500
300 samples
Density: max memory 477626368, total allocated 188219392, free 63469584, used 124749808, increment 24455312
linearPredictor: max memory 477626368, total allocated 188219392, free 63469584, used 124749808, increment 0
FeaturedSpace: max memory 477626368, total allocated 188219392, free 63469584, used 124749808, increment 0
Sequential: max memory 477626368, total allocated 188219392, free 63469584, used 124749808, increment 0
Initial loss: 9.237760967552175
Time since start: 131.736
500: time = 6.189000 loss = 7.861963
Jackknife: leave bio8 out
Making features
makeFeatures: max memory 477626368, total allocated 192413696, free 44691624, used 147722072, increment 22972264
species bio8: 
Regularization values: linear/quadratic/product: 0.050, categorical: 0.250, threshold: 1.000, hinge: 0.500
300 samples
Density: max memory 477626368, total allocated 201850880, free 60308376, used 141542504, increment -6179568
linearPredictor: max memory 477626368, total allocated 201850880, free 60226136, used 141624744, increment 82240
FeaturedSpace: max memory 477626368, total allocated 201850880, free 60226136, used 141624744, increment 0
Sequential: max memory 477626368, total allocated 201850880, free 60226136, used 141624744, increment 0
Initial loss: 9.237760967552175
Time since start: 138.469
500: time = 6.399000 loss = 7.863314
Jackknife: leave bio9 out
Making features
makeFeatures: max memory 477626368, total allocated 189267968, free 114353416, used 74914552, increment -66710192
species bio9: 
Regularization values: linear/quadratic/product: 0.050, categorical: 0.250, threshold: 1.000, hinge: 0.500
300 samples
Density: max memory 477626368, total allocated 189267968, free 89872808, used 99395160, increment 24480608
linearPredictor: max memory 477626368, total allocated 189267968, free 89872808, used 99395160, increment 0
FeaturedSpace: max memory 477626368, total allocated 189267968, free 89872808, used 99395160, increment 0
Sequential: max memory 477626368, total allocated 189267968, free 89872808, used 99395160, increment 0
Initial loss: 9.237760967552175
Time since start: 144.932
500: time = 6.115000 loss = 7.858878
Jackknife: only bio1
Making features
makeFeatures: max memory 477626368, total allocated 192937984, free 98443712, used 94494272, increment -4900888
species bio1: 
Regularization values: linear/quadratic/product: 0.050, categorical: 0.250, threshold: 1.000, hinge: 0.500
300 samples
Density: max memory 477626368, total allocated 192937984, free 97436952, used 95501032, increment 1006760
linearPredictor: max memory 477626368, total allocated 192937984, free 97436952, used 95501032, increment 0
FeaturedSpace: max memory 477626368, total allocated 192937984, free 97436952, used 95501032, increment 0
Sequential: max memory 477626368, total allocated 192937984, free 97436952, used 95501032, increment 0
Initial loss: 9.237760967552175
380: time = 0.468000 loss = 8.529160
Res.gain: 0.7086009807240128
Jackknife: only bio10
Making features
makeFeatures: max memory 477626368, total allocated 192413696, free 105996592, used 86417104, increment -9083928
species bio10: 
Regularization values: linear/quadratic/product: 0.050, categorical: 0.250, threshold: 1.000, hinge: 0.500
300 samples
Density: max memory 477626368, total allocated 192413696, free 105020312, used 87393384, increment 976280
linearPredictor: max memory 477626368, total allocated 192413696, free 104938072, used 87475624, increment 82240
FeaturedSpace: max memory 477626368, total allocated 192413696, free 104938072, used 87475624, increment 0
Sequential: max memory 477626368, total allocated 192413696, free 104938072, used 87475624, increment 0
Initial loss: 9.237760967552175
260: time = 0.284000 loss = 8.660979
Res.gain: 0.5767823370507195
Jackknife: only bio11
Making features
makeFeatures: max memory 477626368, total allocated 192413696, free 82509024, used 109904672, increment 22429048
species bio11: 
Regularization values: linear/quadratic/product: 0.050, categorical: 0.250, threshold: 1.000, hinge: 0.500
300 samples
Density: max memory 477626368, total allocated 192413696, free 81533944, used 110879752, increment 975080
linearPredictor: max memory 477626368, total allocated 192413696, free 81533944, used 110879752, increment 0
FeaturedSpace: max memory 477626368, total allocated 192413696, free 81533944, used 110879752, increment 0
Sequential: max memory 477626368, total allocated 192413696, free 81533944, used 110879752, increment 0
Initial loss: 9.237760967552175
Time since start: 146.34
480: time = 0.604000 loss = 8.657143
Res.gain: 0.5806180895775537
Jackknife: only bio12
Making features
makeFeatures: max memory 477626368, total allocated 191365120, free 102348080, used 89017040, increment -21862712
species bio12: 
Regularization values: linear/quadratic/product: 0.050, categorical: 0.250, threshold: 1.000, hinge: 0.500
300 samples
Density: max memory 477626368, total allocated 191365120, free 100397496, used 90967624, increment 1950584
linearPredictor: max memory 477626368, total allocated 191365120, free 100397496, used 90967624, increment 0
FeaturedSpace: max memory 477626368, total allocated 191365120, free 100397496, used 90967624, increment 0
Sequential: max memory 477626368, total allocated 191365120, free 100397496, used 90967624, increment 0
Initial loss: 9.237760967552175
160: time = 0.461000 loss = 9.020995
Res.gain: 0.21676631930688472
Jackknife: only bio13
Making features
makeFeatures: max memory 477626368, total allocated 190316544, free 98485200, used 91831344, increment 863720
species bio13: 
Regularization values: linear/quadratic/product: 0.050, categorical: 0.250, threshold: 1.000, hinge: 0.500
300 samples
Density: max memory 477626368, total allocated 190316544, free 97479064, used 92837480, increment 1006136
linearPredictor: max memory 477626368, total allocated 190316544, free 97479064, used 92837480, increment 0
FeaturedSpace: max memory 477626368, total allocated 190316544, free 97479064, used 92837480, increment 0
Sequential: max memory 477626368, total allocated 190316544, free 97479064, used 92837480, increment 0
Initial loss: 9.237760967552175
Time since start: 147.395
420: time = 0.561000 loss = 9.003021
Res.gain: 0.2347403245952826
Jackknife: only bio14
Making features
makeFeatures: max memory 477626368, total allocated 189792256, free 67070160, used 122722096, increment 29884616
species bio14: 
Regularization values: linear/quadratic/product: 0.050, categorical: 0.250, threshold: 1.000, hinge: 0.500
300 samples
Density: max memory 477626368, total allocated 189792256, free 65245760, used 124546496, increment 1824400
linearPredictor: max memory 477626368, total allocated 189792256, free 65245760, used 124546496, increment 0
FeaturedSpace: max memory 477626368, total allocated 189792256, free 65245760, used 124546496, increment 0
Sequential: max memory 477626368, total allocated 189792256, free 65245760, used 124546496, increment 0
Initial loss: 9.237760967552175
160: time = 0.217000 loss = 9.187319
Res.gain: 0.05044170705455642
Jackknife: only bio15
Making features
makeFeatures: max memory 477626368, total allocated 189267968, free 98499656, used 90768312, increment -33778184
species bio15: 
Regularization values: linear/quadratic/product: 0.050, categorical: 0.250, threshold: 1.000, hinge: 0.500
300 samples
Density: max memory 477626368, total allocated 189267968, free 97473392, used 91794576, increment 1026264
linearPredictor: max memory 477626368, total allocated 189267968, free 97391152, used 91876816, increment 82240
FeaturedSpace: max memory 477626368, total allocated 189267968, free 97391152, used 91876816, increment 0
Sequential: max memory 477626368, total allocated 189267968, free 97391152, used 91876816, increment 0
Initial loss: 9.237760967552175
160: time = 0.173000 loss = 9.160728
Res.gain: 0.07703330195558067
Jackknife: only bio16
Making features
makeFeatures: max memory 477626368, total allocated 189267968, free 89274880, used 99993088, increment 8116272
species bio16: 
Regularization values: linear/quadratic/product: 0.050, categorical: 0.250, threshold: 1.000, hinge: 0.500
300 samples
Density: max memory 477626368, total allocated 189267968, free 87433912, used 101834056, increment 1840968
linearPredictor: max memory 477626368, total allocated 189267968, free 87433912, used 101834056, increment 0
FeaturedSpace: max memory 477626368, total allocated 189267968, free 87433912, used 101834056, increment 0
Sequential: max memory 477626368, total allocated 189267968, free 87433912, used 101834056, increment 0
Initial loss: 9.237760967552175
280: time = 0.536000 loss = 9.084578
Res.gain: 0.15318336403009702
Jackknife: only bio17
Making features
makeFeatures: max memory 477626368, total allocated 188743680, free 59992424, used 128751256, increment 26917200
species bio17: 
Regularization values: linear/quadratic/product: 0.050, categorical: 0.250, threshold: 1.000, hinge: 0.500
300 samples
Density: max memory 477626368, total allocated 188743680, free 58147640, used 130596040, increment 1844784
linearPredictor: max memory 477626368, total allocated 188743680, free 58147640, used 130596040, increment 0
FeaturedSpace: max memory 477626368, total allocated 188743680, free 58147640, used 130596040, increment 0
Sequential: max memory 477626368, total allocated 188743680, free 58147640, used 130596040, increment 0
Initial loss: 9.237760967552175
Time since start: 148.636
180: time = 0.253000 loss = 9.157295
Res.gain: 0.08046639483676188
Jackknife: only bio18
Making features
makeFeatures: max memory 477626368, total allocated 187695104, free 65651600, used 122043504, increment -8552536
species bio18: 
Regularization values: linear/quadratic/product: 0.050, categorical: 0.250, threshold: 1.000, hinge: 0.500
300 samples
Density: max memory 477626368, total allocated 187695104, free 63911328, used 123783776, increment 1740272
linearPredictor: max memory 477626368, total allocated 187695104, free 63911328, used 123783776, increment 0
FeaturedSpace: max memory 477626368, total allocated 187695104, free 63911328, used 123783776, increment 0
Sequential: max memory 477626368, total allocated 187695104, free 63911328, used 123783776, increment 0
Initial loss: 9.237760967552175
300: time = 0.426000 loss = 9.106849
Res.gain: 0.13091155211966488
Jackknife: only bio19
Making features
makeFeatures: max memory 477626368, total allocated 186122240, free 64697624, used 121424616, increment -2359160
species bio19: 
Regularization values: linear/quadratic/product: 0.050, categorical: 0.250, threshold: 1.000, hinge: 0.500
300 samples
Density: max memory 477626368, total allocated 186122240, free 63806024, used 122316216, increment 891600
linearPredictor: max memory 477626368, total allocated 186122240, free 63806024, used 122316216, increment 0
FeaturedSpace: max memory 477626368, total allocated 186122240, free 63806024, used 122316216, increment 0
Sequential: max memory 477626368, total allocated 186122240, free 63806024, used 122316216, increment 0
Initial loss: 9.237760967552175
120: time = 0.222000 loss = 9.197181
Res.gain: 0.04057998674980112
Jackknife: only bio2
Making features
makeFeatures: max memory 477626368, total allocated 186646528, free 62335224, used 124311304, increment 1995088
species bio2: 
Regularization values: linear/quadratic/product: 0.050, categorical: 0.250, threshold: 1.000, hinge: 0.500
300 samples
Density: max memory 477626368, total allocated 186646528, free 60653768, used 125992760, increment 1681456
linearPredictor: max memory 477626368, total allocated 186646528, free 60653768, used 125992760, increment 0
FeaturedSpace: max memory 477626368, total allocated 186646528, free 60653768, used 125992760, increment 0
Sequential: max memory 477626368, total allocated 186646528, free 60653768, used 125992760, increment 0
Initial loss: 9.237760967552175
Time since start: 149.725
340: time = 0.400000 loss = 9.109106
Res.gain: 0.12865517649696656
Jackknife: only bio3
Making features
makeFeatures: max memory 477626368, total allocated 185597952, free 85818448, used 99779504, increment -26213256
species bio3: 
Regularization values: linear/quadratic/product: 0.050, categorical: 0.250, threshold: 1.000, hinge: 0.500
300 samples
Density: max memory 477626368, total allocated 185597952, free 84947888, used 100650064, increment 870560
linearPredictor: max memory 477626368, total allocated 185597952, free 84865648, used 100732304, increment 82240
FeaturedSpace: max memory 477626368, total allocated 185597952, free 84865648, used 100732304, increment 0
Sequential: max memory 477626368, total allocated 185597952, free 84865648, used 100732304, increment 0
Initial loss: 9.237760967552175
360: time = 0.464000 loss = 8.762955
Res.gain: 0.4748060839908188
Jackknife: only bio4
Making features
makeFeatures: max memory 477626368, total allocated 185597952, free 75754216, used 109843736, increment 9111432
species bio4: 
Regularization values: linear/quadratic/product: 0.050, categorical: 0.250, threshold: 1.000, hinge: 0.500
300 samples
Density: max memory 477626368, total allocated 185597952, free 73766944, used 111831008, increment 1987272
linearPredictor: max memory 477626368, total allocated 185597952, free 73766944, used 111831008, increment 0
FeaturedSpace: max memory 477626368, total allocated 185597952, free 73766944, used 111831008, increment 0
Sequential: max memory 477626368, total allocated 185597952, free 73766944, used 111831008, increment 0
Initial loss: 9.237760967552175
Time since start: 152.284
460: time = 2.061000 loss = 8.798058
Res.gain: 0.4397029013110494
Jackknife: only bio5
Making features
makeFeatures: max memory 477626368, total allocated 192413696, free 78339328, used 114074368, increment 2243360
species bio5: 
Regularization values: linear/quadratic/product: 0.050, categorical: 0.250, threshold: 1.000, hinge: 0.500
300 samples
Density: max memory 477626368, total allocated 192413696, free 77321912, used 115091784, increment 1017416
linearPredictor: max memory 477626368, total allocated 192413696, free 77321912, used 115091784, increment 0
FeaturedSpace: max memory 477626368, total allocated 192413696, free 77321912, used 115091784, increment 0
Sequential: max memory 477626368, total allocated 192413696, free 77321912, used 115091784, increment 0
Initial loss: 9.237760967552175
380: time = 0.435000 loss = 8.704030
Res.gain: 0.5337306429366784
Jackknife: only bio6
Making features
makeFeatures: max memory 477626368, total allocated 192413696, free 89363448, used 103050248, increment -12041536
species bio6: 
Regularization values: linear/quadratic/product: 0.050, categorical: 0.250, threshold: 1.000, hinge: 0.500
300 samples
Density: max memory 477626368, total allocated 192413696, free 88377712, used 104035984, increment 985736
linearPredictor: max memory 477626368, total allocated 192413696, free 88377712, used 104035984, increment 0
FeaturedSpace: max memory 477626368, total allocated 192413696, free 88377712, used 104035984, increment 0
Sequential: max memory 477626368, total allocated 192413696, free 88377712, used 104035984, increment 0
Initial loss: 9.237760967552175
300: time = 0.395000 loss = 8.768676
Res.gain: 0.469084484931928
Jackknife: only bio7
Making features
makeFeatures: max memory 477626368, total allocated 191889408, free 87015800, used 104873608, increment 837624
species bio7: 
Regularization values: linear/quadratic/product: 0.050, categorical: 0.250, threshold: 1.000, hinge: 0.500
300 samples
Density: max memory 477626368, total allocated 191889408, free 85107640, used 106781768, increment 1908160
linearPredictor: max memory 477626368, total allocated 191889408, free 85107640, used 106781768, increment 0
FeaturedSpace: max memory 477626368, total allocated 191889408, free 85107640, used 106781768, increment 0
Sequential: max memory 477626368, total allocated 191889408, free 85107640, used 106781768, increment 0
Initial loss: 9.237760967552175
Time since start: 153.396
180: time = 0.239000 loss = 8.945662
Res.gain: 0.29209880327631765
Jackknife: only bio8
Making features
makeFeatures: max memory 477626368, total allocated 191889408, free 60299064, used 131590344, increment 24808576
species bio8: 
Regularization values: linear/quadratic/product: 0.050, categorical: 0.250, threshold: 1.000, hinge: 0.500
300 samples
Density: max memory 477626368, total allocated 191889408, free 59219216, used 132670192, increment 1079848
linearPredictor: max memory 477626368, total allocated 191889408, free 59219216, used 132670192, increment 0
FeaturedSpace: max memory 477626368, total allocated 191889408, free 59219216, used 132670192, increment 0
Sequential: max memory 477626368, total allocated 191889408, free 59219216, used 132670192, increment 0
Initial loss: 9.237760967552175
400: time = 0.464000 loss = 8.858780
Res.gain: 0.3789814538780032
Jackknife: only bio9
Making features
makeFeatures: max memory 477626368, total allocated 191365120, free 60216088, used 131149032, increment -1521160
species bio9: 
Regularization values: linear/quadratic/product: 0.050, categorical: 0.250, threshold: 1.000, hinge: 0.500
300 samples
Density: max memory 477626368, total allocated 191365120, free 59272520, used 132092600, increment 943568
linearPredictor: max memory 477626368, total allocated 191365120, free 59272520, used 132092600, increment 0
FeaturedSpace: max memory 477626368, total allocated 191365120, free 59272520, used 132092600, increment 0
Sequential: max memory 477626368, total allocated 191365120, free 59272520, used 132092600, increment 0
Initial loss: 9.237760967552175
260: time = 0.364000 loss = 8.908647
Res.gain: 0.3291140677401465
Ending
