Tue Dec 04 01:57:41 EST 2018
MaxEnt version 3.3.3k
Reading file absence
readGrid: max memory 477626368, total allocated 214433792, free 78389648, used 136044144, increment 21926672
Reading samples from presence
Read samples: max memory 477626368, total allocated 214433792, free 76313520, used 138120272, increment 2076128
Adding samples to background in feature space
Command line used:  autorun -e /Users/lablap/lesson_mac/_episodes_rmd/output/maxent_outputs2_10/absence -o /Users/lablap/lesson_mac/_episodes_rmd/output/maxent_outputs2_10 -s /Users/lablap/lesson_mac/_episodes_rmd/output/maxent_outputs2_10/presence -z noautofeature linear quadratic hinge noproduct nothreshold responsecurves jackknife outputformat=logistic outputfiletype=asc norandomseed removeduplicates betamultiplier=10 writeplotdata extrapolate doclamp
Command line to repeat: java density.MaxEnt nowarnings noprefixes responsecurves jackknife outputdirectory=/Users/lablap/lesson_mac/_episodes_rmd/output/maxent_outputs2_10 samplesfile=/Users/lablap/lesson_mac/_episodes_rmd/output/maxent_outputs2_10/presence environmentallayers=/Users/lablap/lesson_mac/_episodes_rmd/output/maxent_outputs2_10/absence betamultiplier=10.0 noproduct nothreshold autorun writeplotdata novisible noautofeature
Species: species
Layers: bio1 bio11 bio4
Layertypes: Continuous Continuous Continuous
responsecurves: true
jackknife: true
outputdirectory: /Users/lablap/lesson_mac/_episodes_rmd/output/maxent_outputs2_10
samplesfile: /Users/lablap/lesson_mac/_episodes_rmd/output/maxent_outputs2_10/presence
environmentallayers: /Users/lablap/lesson_mac/_episodes_rmd/output/maxent_outputs2_10/absence
betamultiplier: 10.0
product: false
threshold: false
autorun: true
writeplotdata: true
visible: false
autofeature: false

getSamples: max memory 477626368, total allocated 214433792, free 74929392, used 139504400, increment 1384128
Making features
makeFeatures: max memory 477626368, total allocated 214433792, free 74929392, used 139504400, increment 0
species: 
Regularization values: linear/quadratic/product: 0.050, categorical: 0.250, threshold: 1.000, hinge: 0.500
303 samples
Density: max memory 477626368, total allocated 214433792, free 74235912, used 140197880, increment 693480
linearPredictor: max memory 477626368, total allocated 214433792, free 74235912, used 140197880, increment 0
FeaturedSpace: max memory 477626368, total allocated 214433792, free 74235912, used 140197880, increment 0
Sequential: max memory 477626368, total allocated 214433792, free 74235912, used 140197880, increment 0
Initial loss: 7.257002707092073
160: time = 0.133000 loss = 7.101912
Resulting gain: 0.15509111718278845
Projecting...
Writing file /Users/lablap/lesson_mac/_episodes_rmd/output/maxent_outputs2_10/species.csv
species response curves
Response curve: only bio1
Making features
makeFeatures: max memory 477626368, total allocated 220725248, free 87521680, used 133203568, increment -6994312
species bio1: 
Regularization values: linear/quadratic/product: 0.050, categorical: 0.250, threshold: 1.000, hinge: 0.500
303 samples
Density: max memory 477626368, total allocated 220725248, free 87521680, used 133203568, increment 0
linearPredictor: max memory 477626368, total allocated 220725248, free 87521680, used 133203568, increment 0
FeaturedSpace: max memory 477626368, total allocated 220725248, free 87521680, used 133203568, increment 0
Sequential: max memory 477626368, total allocated 220725248, free 87521680, used 133203568, increment 0
Initial loss: 7.257002707092073
120: time = 0.040000 loss = 7.188687
Resulting gain: 0.06831604215337439
species response curves
Response curve: only bio11
Making features
makeFeatures: max memory 477626368, total allocated 220725248, free 76897480, used 143827768, increment 10624200
species bio11: 
Regularization values: linear/quadratic/product: 0.050, categorical: 0.250, threshold: 1.000, hinge: 0.500
303 samples
Density: max memory 477626368, total allocated 220725248, free 76897480, used 143827768, increment 0
linearPredictor: max memory 477626368, total allocated 220725248, free 76897480, used 143827768, increment 0
FeaturedSpace: max memory 477626368, total allocated 220725248, free 76897480, used 143827768, increment 0
Sequential: max memory 477626368, total allocated 220725248, free 76897480, used 143827768, increment 0
Initial loss: 7.257002707092073
140: time = 0.043000 loss = 7.206875
Resulting gain: 0.05012818338161562
species response curves
Response curve: only bio4
Making features
makeFeatures: max memory 477626368, total allocated 219676672, free 98412376, used 121264296, increment -22563472
species bio4: 
Regularization values: linear/quadratic/product: 0.050, categorical: 0.250, threshold: 1.000, hinge: 0.500
303 samples
Density: max memory 477626368, total allocated 219676672, free 98412376, used 121264296, increment 0
linearPredictor: max memory 477626368, total allocated 219676672, free 98412376, used 121264296, increment 0
FeaturedSpace: max memory 477626368, total allocated 219676672, free 98412376, used 121264296, increment 0
Sequential: max memory 477626368, total allocated 219676672, free 98412376, used 121264296, increment 0
Initial loss: 7.257002707092073
100: time = 0.062000 loss = 7.234136
Resulting gain: 0.022866806418576857
species response curves
Jackknife: leave bio1 out
Making features
makeFeatures: max memory 477626368, total allocated 219676672, free 63930376, used 155746296, increment 34482000
species bio1: 
Regularization values: linear/quadratic/product: 0.050, categorical: 0.250, threshold: 1.000, hinge: 0.500
303 samples
Density: max memory 477626368, total allocated 219676672, free 63930376, used 155746296, increment 0
linearPredictor: max memory 477626368, total allocated 219676672, free 63930376, used 155746296, increment 0
FeaturedSpace: max memory 477626368, total allocated 219676672, free 63930376, used 155746296, increment 0
Sequential: max memory 477626368, total allocated 219676672, free 63930376, used 155746296, increment 0
Initial loss: 7.257002707092073
180: time = 0.138000 loss = 7.150343
Jackknife: leave bio11 out
Making features
makeFeatures: max memory 477626368, total allocated 218628096, free 79711264, used 138916832, increment -16829464
species bio11: 
Regularization values: linear/quadratic/product: 0.050, categorical: 0.250, threshold: 1.000, hinge: 0.500
303 samples
Density: max memory 477626368, total allocated 218628096, free 79711264, used 138916832, increment 0
linearPredictor: max memory 477626368, total allocated 218628096, free 79711264, used 138916832, increment 0
FeaturedSpace: max memory 477626368, total allocated 218628096, free 79711264, used 138916832, increment 0
Sequential: max memory 477626368, total allocated 218628096, free 79711264, used 138916832, increment 0
Initial loss: 7.257002707092073
120: time = 0.099000 loss = 7.127472
Jackknife: leave bio4 out
Making features
makeFeatures: max memory 477626368, total allocated 218628096, free 78867592, used 139760504, increment 843672
species bio4: 
Regularization values: linear/quadratic/product: 0.050, categorical: 0.250, threshold: 1.000, hinge: 0.500
303 samples
Density: max memory 477626368, total allocated 218628096, free 78867592, used 139760504, increment 0
linearPredictor: max memory 477626368, total allocated 218628096, free 78867592, used 139760504, increment 0
FeaturedSpace: max memory 477626368, total allocated 218628096, free 78867592, used 139760504, increment 0
Sequential: max memory 477626368, total allocated 218628096, free 78867592, used 139760504, increment 0
Initial loss: 7.257002707092073
Time since start: 1.045
120: time = 0.049000 loss = 7.106256
Jackknife: only bio1
Making features
makeFeatures: max memory 477626368, total allocated 218628096, free 62802256, used 155825840, increment 16065336
species bio1: 
Regularization values: linear/quadratic/product: 0.050, categorical: 0.250, threshold: 1.000, hinge: 0.500
303 samples
Density: max memory 477626368, total allocated 218628096, free 62802256, used 155825840, increment 0
linearPredictor: max memory 477626368, total allocated 218628096, free 62802256, used 155825840, increment 0
FeaturedSpace: max memory 477626368, total allocated 218628096, free 62802256, used 155825840, increment 0
Sequential: max memory 477626368, total allocated 218628096, free 62802256, used 155825840, increment 0
Initial loss: 7.257002707092073
120: time = 0.041000 loss = 7.188687
Res.gain: 0.06831604215337439
Jackknife: only bio11
Making features
makeFeatures: max memory 477626368, total allocated 217579520, free 93371744, used 124207776, increment -31618064
species bio11: 
Regularization values: linear/quadratic/product: 0.050, categorical: 0.250, threshold: 1.000, hinge: 0.500
303 samples
Density: max memory 477626368, total allocated 217579520, free 93371744, used 124207776, increment 0
linearPredictor: max memory 477626368, total allocated 217579520, free 93371744, used 124207776, increment 0
FeaturedSpace: max memory 477626368, total allocated 217579520, free 93371744, used 124207776, increment 0
Sequential: max memory 477626368, total allocated 217579520, free 93371744, used 124207776, increment 0
Initial loss: 7.257002707092073
140: time = 0.039000 loss = 7.206875
Res.gain: 0.05012818338161562
Jackknife: only bio4
Making features
makeFeatures: max memory 477626368, total allocated 217579520, free 82805888, used 134773632, increment 10565856
species bio4: 
Regularization values: linear/quadratic/product: 0.050, categorical: 0.250, threshold: 1.000, hinge: 0.500
303 samples
Density: max memory 477626368, total allocated 217579520, free 82051248, used 135528272, increment 754640
linearPredictor: max memory 477626368, total allocated 217579520, free 82051248, used 135528272, increment 0
FeaturedSpace: max memory 477626368, total allocated 217579520, free 82051248, used 135528272, increment 0
Sequential: max memory 477626368, total allocated 217579520, free 82051248, used 135528272, increment 0
Initial loss: 7.257002707092073
100: time = 0.061000 loss = 7.234136
Res.gain: 0.022866806418576857
Ending
