Mon Dec 03 11:44:10 EST 2018
MaxEnt version 3.3.3k
Reading file absence
readGrid: max memory 477626368, total allocated 273154048, free 207871472, used 65282576, increment 6857488
Reading samples from presence
Read samples: max memory 477626368, total allocated 273154048, free 207871472, used 65282576, increment 0
Adding samples to background in feature space
Command line used:  autorun -e /Users/lablap/lesson_mac/_episodes_rmd/output/maxent_outputs3_proj1/absence -o /Users/lablap/lesson_mac/_episodes_rmd/output/maxent_outputs3_proj1 -s /Users/lablap/lesson_mac/_episodes_rmd/output/maxent_outputs3_proj1/presence -z noautofeature linear quadratic nohinge noproduct nothreshold responsecurves jackknife outputformat=logistic outputfiletype=asc projectionlayers=/Users/lablap/lesson_mac/_episodes_rmd/data/bioclim norandomseed removeduplicates betamultiplier=1 writeplotdata extrapolate doclamp
Command line to repeat: java density.MaxEnt nowarnings noprefixes responsecurves jackknife outputdirectory=/Users/lablap/lesson_mac/_episodes_rmd/output/maxent_outputs3_proj1 projectionlayers=/Users/lablap/lesson_mac/_episodes_rmd/data/bioclim samplesfile=/Users/lablap/lesson_mac/_episodes_rmd/output/maxent_outputs3_proj1/presence environmentallayers=/Users/lablap/lesson_mac/_episodes_rmd/output/maxent_outputs3_proj1/absence noproduct nothreshold nohinge autorun writeplotdata novisible noautofeature
Species: species
Layers: bio1 bio11 bio4
Layertypes: Continuous Continuous Continuous
responsecurves: true
jackknife: true
outputdirectory: /Users/lablap/lesson_mac/_episodes_rmd/output/maxent_outputs3_proj1
projectionlayers: /Users/lablap/lesson_mac/_episodes_rmd/data/bioclim
samplesfile: /Users/lablap/lesson_mac/_episodes_rmd/output/maxent_outputs3_proj1/presence
environmentallayers: /Users/lablap/lesson_mac/_episodes_rmd/output/maxent_outputs3_proj1/absence
product: false
threshold: false
hinge: false
autorun: true
writeplotdata: true
visible: false
autofeature: false

getSamples: max memory 477626368, total allocated 273154048, free 204442816, used 68711232, increment 3428656
Making features
makeFeatures: max memory 477626368, total allocated 273154048, free 204442816, used 68711232, increment 0
species: 
Regularization values: linear/quadratic/product: 0.050, categorical: 0.250, threshold: 1.000, hinge: 0.500
300 samples
Density: max memory 477626368, total allocated 273154048, free 204442816, used 68711232, increment 0
linearPredictor: max memory 477626368, total allocated 273154048, free 204442816, used 68711232, increment 0
FeaturedSpace: max memory 477626368, total allocated 273154048, free 204442816, used 68711232, increment 0
Sequential: max memory 477626368, total allocated 273154048, free 204442816, used 68711232, increment 0
Initial loss: 7.257002707092073
180: time = 0.027000 loss = 7.035859
Resulting gain: 0.22114392837690122
Projecting...
Writing file /Users/lablap/lesson_mac/_episodes_rmd/output/maxent_outputs3_proj1/species.csv
Projecting...
Writing file /Users/lablap/lesson_mac/_episodes_rmd/output/maxent_outputs3_proj1/species_bioclim.asc
Writing file /Users/lablap/lesson_mac/_episodes_rmd/output/maxent_outputs3_proj1/species_bioclim_clamping.asc
Time since start: 6.503
Writing /Users/lablap/lesson_mac/_episodes_rmd/output/maxent_outputs3_proj1/plots/species_bioclim.png
Writing /Users/lablap/lesson_mac/_episodes_rmd/output/maxent_outputs3_proj1/plots/species_bioclim_clamping.png
Time since start: 8.084
Writing file /Users/lablap/lesson_mac/_episodes_rmd/output/maxent_outputs3_proj1/species_bioclim_novel.asc
Writing file /Users/lablap/lesson_mac/_episodes_rmd/output/maxent_outputs3_proj1/species_bioclim_novel_limiting.asc
Time since start: 15.144
species response curves
Response curve: only bio1
Making features
makeFeatures: max memory 477626368, total allocated 278396928, free 165882928, used 112514000, increment 43802768
species bio1: 
Regularization values: linear/quadratic/product: 0.050, categorical: 0.250, threshold: 1.000, hinge: 0.500
300 samples
Density: max memory 477626368, total allocated 278396928, free 165882928, used 112514000, increment 0
linearPredictor: max memory 477626368, total allocated 278396928, free 165882928, used 112514000, increment 0
FeaturedSpace: max memory 477626368, total allocated 278396928, free 165882928, used 112514000, increment 0
Sequential: max memory 477626368, total allocated 278396928, free 165882928, used 112514000, increment 0
Initial loss: 7.257002707092073
140: time = 0.026000 loss = 7.143517
Resulting gain: 0.11348604897180614
species response curves
Response curve: only bio11
Making features
makeFeatures: max memory 477626368, total allocated 278396928, free 161365880, used 117031048, increment 4517048
species bio11: 
Regularization values: linear/quadratic/product: 0.050, categorical: 0.250, threshold: 1.000, hinge: 0.500
300 samples
Density: max memory 477626368, total allocated 278396928, free 161365880, used 117031048, increment 0
linearPredictor: max memory 477626368, total allocated 278396928, free 161365880, used 117031048, increment 0
FeaturedSpace: max memory 477626368, total allocated 278396928, free 161365880, used 117031048, increment 0
Sequential: max memory 477626368, total allocated 278396928, free 161365880, used 117031048, increment 0
Initial loss: 7.257002707092073
120: time = 0.020000 loss = 7.155305
Resulting gain: 0.10169784579260543
species response curves
Response curve: only bio4
Making features
makeFeatures: max memory 477626368, total allocated 278396928, free 157808848, used 120588080, increment 3557032
species bio4: 
Regularization values: linear/quadratic/product: 0.050, categorical: 0.250, threshold: 1.000, hinge: 0.500
300 samples
Density: max memory 477626368, total allocated 278396928, free 157808848, used 120588080, increment 0
linearPredictor: max memory 477626368, total allocated 278396928, free 157808848, used 120588080, increment 0
FeaturedSpace: max memory 477626368, total allocated 278396928, free 157808848, used 120588080, increment 0
Sequential: max memory 477626368, total allocated 278396928, free 157808848, used 120588080, increment 0
Initial loss: 7.257002707092073
100: time = 0.021000 loss = 7.198790
Resulting gain: 0.058212416519264565
species response curves
Jackknife: leave bio1 out
Making features
makeFeatures: max memory 477626368, total allocated 278396928, free 149735032, used 128661896, increment 8073816
species bio1: 
Regularization values: linear/quadratic/product: 0.050, categorical: 0.250, threshold: 1.000, hinge: 0.500
300 samples
Density: max memory 477626368, total allocated 278396928, free 149735032, used 128661896, increment 0
linearPredictor: max memory 477626368, total allocated 278396928, free 149735032, used 128661896, increment 0
FeaturedSpace: max memory 477626368, total allocated 278396928, free 149735032, used 128661896, increment 0
Sequential: max memory 477626368, total allocated 278396928, free 149735032, used 128661896, increment 0
Initial loss: 7.257002707092073
220: time = 0.033000 loss = 7.040479
Jackknife: leave bio11 out
Making features
makeFeatures: max memory 477626368, total allocated 278396928, free 149735032, used 128661896, increment 0
species bio11: 
Regularization values: linear/quadratic/product: 0.050, categorical: 0.250, threshold: 1.000, hinge: 0.500
300 samples
Density: max memory 477626368, total allocated 278396928, free 149735032, used 128661896, increment 0
linearPredictor: max memory 477626368, total allocated 278396928, free 149735032, used 128661896, increment 0
FeaturedSpace: max memory 477626368, total allocated 278396928, free 149735032, used 128661896, increment 0
Sequential: max memory 477626368, total allocated 278396928, free 149735032, used 128661896, increment 0
Initial loss: 7.257002707092073
180: time = 0.029000 loss = 7.068289
Jackknife: leave bio4 out
Making features
makeFeatures: max memory 477626368, total allocated 278396928, free 149735032, used 128661896, increment 0
species bio4: 
Regularization values: linear/quadratic/product: 0.050, categorical: 0.250, threshold: 1.000, hinge: 0.500
300 samples
Density: max memory 477626368, total allocated 278396928, free 149735032, used 128661896, increment 0
linearPredictor: max memory 477626368, total allocated 278396928, free 149735032, used 128661896, increment 0
FeaturedSpace: max memory 477626368, total allocated 278396928, free 149735032, used 128661896, increment 0
Sequential: max memory 477626368, total allocated 278396928, free 149735032, used 128661896, increment 0
Initial loss: 7.257002707092073
180: time = 0.033000 loss = 7.047622
Jackknife: only bio1
Making features
makeFeatures: max memory 477626368, total allocated 278396928, free 149735032, used 128661896, increment 0
species bio1: 
Regularization values: linear/quadratic/product: 0.050, categorical: 0.250, threshold: 1.000, hinge: 0.500
300 samples
Density: max memory 477626368, total allocated 278396928, free 149735032, used 128661896, increment 0
linearPredictor: max memory 477626368, total allocated 278396928, free 149735032, used 128661896, increment 0
FeaturedSpace: max memory 477626368, total allocated 278396928, free 149735032, used 128661896, increment 0
Sequential: max memory 477626368, total allocated 278396928, free 149735032, used 128661896, increment 0
Initial loss: 7.257002707092073
140: time = 0.028000 loss = 7.143517
Res.gain: 0.11348604897180614
Jackknife: only bio11
Making features
makeFeatures: max memory 477626368, total allocated 278396928, free 149735032, used 128661896, increment 0
species bio11: 
Regularization values: linear/quadratic/product: 0.050, categorical: 0.250, threshold: 1.000, hinge: 0.500
300 samples
Density: max memory 477626368, total allocated 278396928, free 149735032, used 128661896, increment 0
linearPredictor: max memory 477626368, total allocated 278396928, free 149735032, used 128661896, increment 0
FeaturedSpace: max memory 477626368, total allocated 278396928, free 149735032, used 128661896, increment 0
Sequential: max memory 477626368, total allocated 278396928, free 149735032, used 128661896, increment 0
Initial loss: 7.257002707092073
120: time = 0.020000 loss = 7.155305
Res.gain: 0.10169784579260543
Jackknife: only bio4
Making features
makeFeatures: max memory 477626368, total allocated 278396928, free 149735032, used 128661896, increment 0
species bio4: 
Regularization values: linear/quadratic/product: 0.050, categorical: 0.250, threshold: 1.000, hinge: 0.500
300 samples
Density: max memory 477626368, total allocated 278396928, free 149735032, used 128661896, increment 0
linearPredictor: max memory 477626368, total allocated 278396928, free 149735032, used 128661896, increment 0
FeaturedSpace: max memory 477626368, total allocated 278396928, free 149735032, used 128661896, increment 0
Sequential: max memory 477626368, total allocated 278396928, free 149735032, used 128661896, increment 0
Initial loss: 7.257002707092073
100: time = 0.020000 loss = 7.198790
Res.gain: 0.058212416519264565
Ending
